Microsoft (R) Macro Assembler Version 14.00.24210.0	    02/27/17 18:53:51
-Dynamic Array     (Project5_Dunham_Ethan.asm		     Page 1 - 1


				TITLE Dynamic Array     (Project5_Dunham_Ethan.asm)

				; Author: Ethan Dunham
				; Course / Project ID   271_400     project 5       Date: 02/21/17
				; Description: This program takes in a number of array elements, randomly fills it with numbers, sorts the list in decending order, and calculates the median value.

				INCLUDE Irvine32.inc
			      C ; Include file for Irvine32.lib             (Irvine32.inc)
			      C 
			      C ;OPTION CASEMAP:NONE		; optional: make identifiers case-sensitive
			      C 
			      C INCLUDE SmallWin.inc		; MS-Windows prototypes, structures, and constants
			      C .NOLIST
			      C .LIST
			      C 
			      C INCLUDE VirtualKeys.inc
			      C ; VirtualKeys.inc
			      C .NOLIST
			      C .LIST
			      C 
			      C 
			      C .NOLIST
			      C .LIST
			      C 

 = 0000000A			MIN = 10
 = 000000C8			MAX = 200
 = 00000064			LO = 100
 = 000003E7			HI = 999

 00000000			.data

				; (insert variable definitions here)
 00000000 53 6F 72 74 69	intro1		BYTE		"Sorting random integers         Programmed by Ethan Dunham.",0
	   6E 67 20 72 61
	   6E 64 6F 6D 20
	   69 6E 74 65 67
	   65 72 73 20 20
	   20 20 20 20 20
	   20 20 50 72 6F
	   67 72 61 6D 6D
	   65 64 20 62 79
	   20 45 74 68 61
	   6E 20 44 75 6E
	   68 61 6D 2E 00
 0000003C 54 68 69 73 20	intro2		BYTE		"This program generates random numbers in the range [100 .. 999],",0
	   70 72 6F 67 72
	   61 6D 20 67 65
	   6E 65 72 61 74
	   65 73 20 72 61
	   6E 64 6F 6D 20
	   6E 75 6D 62 65
	   72 73 20 69 6E
	   20 74 68 65 20
	   72 61 6E 67 65
	   20 5B 31 30 30
	   20 2E 2E 20 39
	   39 39 5D 2C 00
 0000007D 64 69 73 70 6C	intro3		BYTE		"displays the original list, sorts the list, and calculates the",0
	   61 79 73 20 74
	   68 65 20 6F 72
	   69 67 69 6E 61
	   6C 20 6C 69 73
	   74 2C 20 73 6F
	   72 74 73 20 74
	   68 65 20 6C 69
	   73 74 2C 20 61
	   6E 64 20 63 61
	   6C 63 75 6C 61
	   74 65 73 20 74
	   68 65 00
 000000BC 6D 65 64 69 61	intro4		BYTE		"median value.  Finally, it displays the list sorted in descending order.",0
	   6E 20 76 61 6C
	   75 65 2E 20 20
	   46 69 6E 61 6C
	   6C 79 2C 20 69
	   74 20 64 69 73
	   70 6C 61 79 73
	   20 74 68 65 20
	   6C 69 73 74 20
	   73 6F 72 74 65
	   64 20 69 6E 20
	   64 65 73 63 65
	   6E 64 69 6E 67
	   20 6F 72 64 65
	   72 2E 00
 00000105 48 6F 77 20 6D	numOfNums	BYTE		"How many numbers should be generated? [10 .. 200]: ",0
	   61 6E 79 20 6E
	   75 6D 62 65 72
	   73 20 73 68 6F
	   75 6C 64 20 62
	   65 20 67 65 6E
	   65 72 61 74 65
	   64 3F 20 5B 31
	   30 20 2E 2E 20
	   32 30 30 5D 3A
	   20 00
 00000139 49 6E 76 61 6C	invalid		BYTE		"Invalid input.",0
	   69 64 20 69 6E
	   70 75 74 2E 00
 00000148 20 00			space		BYTE		" ",0
 0000014A  000000C8 [		array		DWORD		MAX DUP(?)
	    00000000
	   ]
 0000046A 00000000		value		DWORD		?
 0000046E 54 68 65 20 6D	median		BYTE		"The median is: ",0
	   65 64 69 61 6E
	   20 69 73 3A 20
	   00

 00000000			.code
 00000000			main PROC
 00000000  E8 00000000 E		call Randomize

				;calls intro proc
				;pushes strings for proc to get
 00000005  BA 000000BC R		Mov		edx, offset intro4
 0000000A  52				push	edx
 0000000B  BA 0000007D R		Mov		edx, offset intro3
 00000010  52				push	edx
 00000011  BA 0000003C R		Mov		edx, offset intro2
 00000016  52				push	edx
 00000017  BA 00000000 R		Mov		edx, offset intro1
 0000001C  52				push	edx

 0000001D  E8 00000080			CALL	 intro

				;calls the get data proc
 00000022  BA 00000105 R		Mov		edx, offset numOfNums
 00000027  52				push	edx
 00000028  BA 00000139 R		Mov		edx, offset invalid
 0000002D  52				push	edx

 0000002E  E8 000000AD			CALL	getData

				;fills the array with random numbers using the fill proc
 00000033  58				pop		eax
 00000034  A3 0000046A R		MOV		value, eax;size of array
 00000039  50				push	eax

 0000003A  B8 0000014A R		MOV		eax, offset array
 0000003F  50				push	eax

 00000040  E8 000000CC			CALL	fill

				;prints the array
 00000045  A1 0000046A R		MOV		eax, value
 0000004A  50				push	eax

 0000004B  B8 0000014A R		MOV		eax, offset array
 00000050  50				push	eax

 00000051  BA 00000148 R		MOV		edx, offset space
 00000056  52				push	edx

 00000057  E8 000000D9			CALL	print

				;sorts the array from highest to lowest

 0000005C  A1 0000046A R		MOV		eax, value
 00000061  50				push	eax

 00000062  B8 0000014A R		MOV		eax, offset array
 00000067  50				push	eax

 00000068  E8 00000106			CALL	BubbleSort

				;prints the array after being sorted
 0000006D  A1 0000046A R		MOV		eax, value
 00000072  50				push	eax

 00000073  B8 0000014A R		MOV		eax, offset array
 00000078  50				push	eax

 00000079  BA 00000148 R		MOV		edx, offset space
 0000007E  52				push	edx

 0000007F  E8 000000B1			CALL	print

				;calculates and diaplays the median
 00000084  A1 0000046A R		MOV		eax, value
 00000089  50				push	eax

 0000008A  B8 0000014A R		MOV		eax, offset array
 0000008F  50				push	eax

 00000090  BA 0000046E R		MOV		edx, offset median
 00000095  52				push	edx

 00000096  E8 000000FA			CALL	medianCalc

					exit	; exit to operating system
 0000009B  6A 00	   *	    push   +000000000h
 0000009D  E8 00000000 E   *	    call   ExitProcess
 000000A2			main ENDP

				;B. introduction
 000000A2				intro PROC
 000000A2  8B EC			mov		ebp,esp
 000000A4  8B 55 04			Mov		edx, [ebp+4]
 000000A7  E8 00000000 E		Call	writestring
 000000AC  E8 00000000 E		Call	crlf

 000000B1  8B 55 08			Mov		edx, [ebp+8]
 000000B4  E8 00000000 E		Call	writestring
 000000B9  E8 00000000 E		Call	crlf

 000000BE  8B 55 0C			Mov		edx, [ebp+12]
 000000C1  E8 00000000 E		Call	writestring
 000000C6  E8 00000000 E		Call	crlf

 000000CB  8B 55 10			Mov		edx, [ebp+16]
 000000CE  E8 00000000 E		Call	writestring
 000000D3  E8 00000000 E		Call	crlf
 000000D8  E8 00000000 E		Call	crlf
 000000DD  C2 000C			ret 12
 000000E0			intro ENDP

				;C. get data {parameters: request (reference)} 
 000000E0			getData PROC
 000000E0  8B EC			Mov		ebp,esp
 000000E2  EB 0D			JMP		L2
 000000E4			L1:;invalid input
 000000E4  8B 55 04			Mov		edx, [ebp+4]
 000000E7  E8 00000000 E		Call	writestring
 000000EC  E8 00000000 E		Call	crlf

 000000F1			L2:
 000000F1  8B 55 08			Mov		edx, [ebp+8]
 000000F4  E8 00000000 E		Call	writestring
 000000F9  E8 00000000 E		CALL	readInt
 000000FE  3D 000000C8			CMP		eax, MAX
 00000103  7F DF			JG		L1
 00000105  83 F8 0A			CMP		eax, MIN
 00000108  7C DA			JL		L1		
 0000010A  89 44 24 08			Mov		[esp+8], eax

 0000010E  C2 0004			ret 4
 00000111			getData ENDP

				;D. fill array {parameters: request (value), array (reference)} 
 00000111			fill PROC
 00000111  8B EC			Mov		ebp, esp
 00000113  8B 4D 08			MOV		ecx, [ebp+8]
 00000116  8B 75 04			MOV		esi,[ebp+4]

 00000119			L3:
 00000119  B8 000003E7			MOV		eax, hi
 0000011E  E8 00000000 E		Call	RandomRange
 00000123  83 F8 64			cmp		eax, lo
 00000126  7F 03			JG		noAdd
 00000128  83 C0 64			Add		eax, lo
 0000012B			noAdd:
 0000012B  89 06			MOV		[esi],eax
 0000012D  83 C6 04			add		esi, 4
 00000130  E2 E7			loop L3

 00000132  C2 0008			ret 8
 00000135			fill ENDP

				;Prints the array
 00000135			print PROC
 00000135  E8 00000000 E		CALL	crlf
 0000013A  E8 00000000 E		CALL	crlf
				;prints array
 0000013F  8B EC			Mov		ebp, esp
 00000141  8B 4D 0C			MOV		ecx, [ebp+12]
 00000144  8B 75 08			MOV		esi,[ebp+8]
 00000147  B8 00000000			MOV		eax,0
 0000014C  50				push	eax
 0000014D  AD			L4:	lodsd
 0000014E  E8 00000000 E		CALL	writedec
 00000153  8B 55 04			MOV		edx, [ebp+4]
 00000156  E8 00000000 E		CALL	writestring
 0000015B  58				pop		eax
 0000015C  40				inc		eax
 0000015D  83 F8 0A			cmp		eax, 10
 00000160  75 0A			JNE		L5
 00000162  E8 00000000 E		CALL	crlf
 00000167  B8 00000000			MOV		eax,0
 0000016C			L5:
 0000016C  50				push eax
 0000016D  E2 DE			LOOP	L4
 0000016F  58				pop eax
 00000170  C2 000C			ret 12
 00000173			print ENDP

				;E. sort list {parameters: array (reference), request (value)}
				;Used Irvine p.375 for reference
 00000173			BubbleSort PROC
 00000173  8B EC			Mov		ebp, esp
 00000175  8B 4D 08			MOV		ecx, [ebp+8]
 00000178  8B 75 04			MOV		esi,[ebp+4]
 0000017B  49				dec		ecx
 0000017C			L6: 
 0000017C  51				push ecx 
 0000017D  8B 75 04			mov esi,[ebp+4]
 00000180			L7: 
 00000180  8B 06			mov eax,[esi] 
 00000182  39 46 04			cmp [esi+4],eax 
 00000185  7E 05			jNg L8 
 00000187  87 46 04			xchg eax,[esi+4] 
 0000018A  89 06			mov [esi],eax
 0000018C			L8: 
 0000018C  83 C6 04			add esi,4 
 0000018F  E2 EF			loop L7 
 00000191  59				pop ecx 
 00000192  E2 E8			loop L6 
					
 00000194  C3				ret
 00000195			BubbleSort ENDP

				;F. display median {parameters: array (reference), request (value)} G. display list {parameters: array (reference), request (value), title (reference)}
 00000195			medianCalc PROC
 00000195  BB 00000002			MOV		ebx, 2
 0000019A  BA 00000000			MOV		edx,0
 0000019F  8B EC			Mov		ebp, esp

 000001A1  8B 75 08			MOV		esi,[ebp+8]
 000001A4  8B 45 0C			mov		eax, [ebp+12]
 000001A7  F7 F3			div		ebx
 000001A9  83 FA 00			cmp		edx,0
 000001AC  75 1F			JNE		odd
 000001AE  8B 1C 86			mov		ebx, [esi+eax*4]
 000001B1  8B 54 86 FC			mov		edx, [esi+eax*4-4]
 000001B5  03 DA			ADD		ebx,edx
 000001B7  8B C3			MOV		eax,ebx
 000001B9  BB 00000002			MOV		ebx, 2
 000001BE  BA 00000000			MOV		edx,0
 000001C3  F7 F3			div		ebx
 000001C5  83 FA 00			CMP		edx, 0
 000001C8  74 06			JE		last
 000001CA  40				inc		eax		
 000001CB  EB 03			jmp		last

 000001CD			odd:
 000001CD  8B 04 86			mov		eax, [esi+eax*4]

 000001D0			last:
 000001D0  E8 00000000 E		CALL	crlf
 000001D5  8B 55 04			mov		edx, [ebp+4]
 000001D8  E8 00000000 E		CALL	writestring
 000001DD  E8 00000000 E		CALL	writedec
 000001E2  E8 00000000 E		CALL	crlf
 000001E7  C3				ret
 000001E8			medianCalc ENDP


				END main
Microsoft (R) Macro Assembler Version 14.00.24210.0	    02/27/17 18:53:51
-Dynamic Array     (Project5_Dunham_Ethan.asm		     Symbols 2 - 1




Structures and Unions:

                N a m e                  Size
                                         Offset      Type

CONSOLE_CURSOR_INFO  . . . . . .	 00000008
  dwSize . . . . . . . . . . . .	 00000000	 DWord
  bVisible . . . . . . . . . . .	 00000004	 DWord
CONSOLE_SCREEN_BUFFER_INFO . . .	 00000016
  dwSize . . . . . . . . . . . .	 00000000	 DWord
  dwCursorPosition . . . . . . .	 00000004	 DWord
  wAttributes  . . . . . . . . .	 00000008	 Word
  srWindow . . . . . . . . . . .	 0000000A	 QWord
  dwMaximumWindowSize  . . . . .	 00000012	 DWord
COORD  . . . . . . . . . . . . .	 00000004
  X  . . . . . . . . . . . . . .	 00000000	 Word
  Y  . . . . . . . . . . . . . .	 00000002	 Word
FILETIME . . . . . . . . . . . .	 00000008
  loDateTime . . . . . . . . . .	 00000000	 DWord
  hiDateTime . . . . . . . . . .	 00000004	 DWord
FOCUS_EVENT_RECORD . . . . . . .	 00000004
  bSetFocus  . . . . . . . . . .	 00000000	 DWord
FPU_ENVIRON  . . . . . . . . . .	 0000001C
  controlWord  . . . . . . . . .	 00000000	 Word
  statusWord . . . . . . . . . .	 00000004	 Word
  tagWord  . . . . . . . . . . .	 00000008	 Word
  instrPointerOffset . . . . . .	 0000000C	 DWord
  instrPointerSelector . . . . .	 00000010	 DWord
  operandPointerOffset . . . . .	 00000014	 DWord
  operandPointerSelector . . . .	 00000018	 Word
INPUT_RECORD . . . . . . . . . .	 00000014
  EventType  . . . . . . . . . .	 00000000	 Word
  Event  . . . . . . . . . . . .	 00000004	 XmmWord
  bKeyDown . . . . . . . . . . .	 00000000	 DWord
  wRepeatCount . . . . . . . . .	 00000004	 Word
  wVirtualKeyCode  . . . . . . .	 00000006	 Word
  wVirtualScanCode . . . . . . .	 00000008	 Word
  uChar  . . . . . . . . . . . .	 0000000A	 Word
  UnicodeChar  . . . . . . . . .	 00000000	 Word
  AsciiChar  . . . . . . . . . .	 00000000	 Byte
  dwControlKeyState  . . . . . .	 0000000C	 DWord
  dwMousePosition  . . . . . . .	 00000000	 DWord
  dwButtonState  . . . . . . . .	 00000004	 DWord
  dwMouseControlKeyState . . . .	 00000008	 DWord
  dwEventFlags . . . . . . . . .	 0000000C	 DWord
  dwSize . . . . . . . . . . . .	 00000000	 DWord
  dwCommandId  . . . . . . . . .	 00000000	 DWord
  bSetFocus  . . . . . . . . . .	 00000000	 DWord
KEY_EVENT_RECORD . . . . . . . .	 00000010
  bKeyDown . . . . . . . . . . .	 00000000	 DWord
  wRepeatCount . . . . . . . . .	 00000004	 Word
  wVirtualKeyCode  . . . . . . .	 00000006	 Word
  wVirtualScanCode . . . . . . .	 00000008	 Word
  uChar  . . . . . . . . . . . .	 0000000A	 Word
  UnicodeChar  . . . . . . . . .	 00000000	 Word
  AsciiChar  . . . . . . . . . .	 00000000	 Byte
  dwControlKeyState  . . . . . .	 0000000C	 DWord
MENU_EVENT_RECORD  . . . . . . .	 00000004
  dwCommandId  . . . . . . . . .	 00000000	 DWord
MOUSE_EVENT_RECORD . . . . . . .	 00000010
  dwMousePosition  . . . . . . .	 00000000	 DWord
  dwButtonState  . . . . . . . .	 00000004	 DWord
  dwMouseControlKeyState . . . .	 00000008	 DWord
  dwEventFlags . . . . . . . . .	 0000000C	 DWord
SMALL_RECT . . . . . . . . . . .	 00000008
  Left . . . . . . . . . . . . .	 00000000	 Word
  Top  . . . . . . . . . . . . .	 00000002	 Word
  Right  . . . . . . . . . . . .	 00000004	 Word
  Bottom . . . . . . . . . . . .	 00000006	 Word
SYSTEMTIME . . . . . . . . . . .	 00000010
  wYear  . . . . . . . . . . . .	 00000000	 Word
  wMonth . . . . . . . . . . . .	 00000002	 Word
  wDayOfWeek . . . . . . . . . .	 00000004	 Word
  wDay . . . . . . . . . . . . .	 00000006	 Word
  wHour  . . . . . . . . . . . .	 00000008	 Word
  wMinute  . . . . . . . . . . .	 0000000A	 Word
  wSecond  . . . . . . . . . . .	 0000000C	 Word
  wMilliseconds  . . . . . . . .	 0000000E	 Word
WINDOW_BUFFER_SIZE_RECORD  . . .	 00000004
  dwSize . . . . . . . . . . . .	 00000000	 DWord


Segments and Groups:

                N a m e                 Size     Length   Align   Combine Class

FLAT . . . . . . . . . . . . . .	GROUP
STACK  . . . . . . . . . . . . .	32 Bit	 00001000 Para	  Stack	  'STACK'	 
_DATA  . . . . . . . . . . . . .	32 Bit	 0000047E Para	  Public  'DATA'	
_TEXT  . . . . . . . . . . . . .	32 Bit	 000001E8 Para	  Public  'CODE'	


Procedures, parameters, and locals:

                N a m e                 Type     Value    Attr

BubbleSort . . . . . . . . . . .	P Near	 00000173 _TEXT	Length= 00000022 Public STDCALL
  L6 . . . . . . . . . . . . . .	L Near	 0000017C _TEXT	
  L7 . . . . . . . . . . . . . .	L Near	 00000180 _TEXT	
  L8 . . . . . . . . . . . . . .	L Near	 0000018C _TEXT	
CloseFile  . . . . . . . . . . .	P Near	 00000000 FLAT	Length= 00000000 External STDCALL
CloseHandle  . . . . . . . . . .	P Near	 00000000 FLAT	Length= 00000000 External STDCALL
Clrscr . . . . . . . . . . . . .	P Near	 00000000 FLAT	Length= 00000000 External STDCALL
CreateFileA  . . . . . . . . . .	P Near	 00000000 FLAT	Length= 00000000 External STDCALL
CreateOutputFile . . . . . . . .	P Near	 00000000 FLAT	Length= 00000000 External STDCALL
Crlf . . . . . . . . . . . . . .	P Near	 00000000 FLAT	Length= 00000000 External STDCALL
Delay  . . . . . . . . . . . . .	P Near	 00000000 FLAT	Length= 00000000 External STDCALL
DumpMem  . . . . . . . . . . . .	P Near	 00000000 FLAT	Length= 00000000 External STDCALL
DumpRegs . . . . . . . . . . . .	P Near	 00000000 FLAT	Length= 00000000 External STDCALL
ExitProcess  . . . . . . . . . .	P Near	 00000000 FLAT	Length= 00000000 External STDCALL
FileTimeToDosDateTime  . . . . .	P Near	 00000000 FLAT	Length= 00000000 External STDCALL
FileTimeToSystemTime . . . . . .	P Near	 00000000 FLAT	Length= 00000000 External STDCALL
FlushConsoleInputBuffer  . . . .	P Near	 00000000 FLAT	Length= 00000000 External STDCALL
FormatMessageA . . . . . . . . .	P Near	 00000000 FLAT	Length= 00000000 External STDCALL
GetCommandLineA  . . . . . . . .	P Near	 00000000 FLAT	Length= 00000000 External STDCALL
GetCommandTail . . . . . . . . .	P Near	 00000000 FLAT	Length= 00000000 External STDCALL
GetConsoleCP . . . . . . . . . .	P Near	 00000000 FLAT	Length= 00000000 External STDCALL
GetConsoleCursorInfo . . . . . .	P Near	 00000000 FLAT	Length= 00000000 External STDCALL
GetConsoleMode . . . . . . . . .	P Near	 00000000 FLAT	Length= 00000000 External STDCALL
GetConsoleScreenBufferInfo . . .	P Near	 00000000 FLAT	Length= 00000000 External STDCALL
GetDateTime  . . . . . . . . . .	P Near	 00000000 FLAT	Length= 00000000 External STDCALL
GetFileTime  . . . . . . . . . .	P Near	 00000000 FLAT	Length= 00000000 External STDCALL
GetKeyState  . . . . . . . . . .	P Near	 00000000 FLAT	Length= 00000000 External STDCALL
GetLastError . . . . . . . . . .	P Near	 00000000 FLAT	Length= 00000000 External STDCALL
GetLocalTime . . . . . . . . . .	P Near	 00000000 FLAT	Length= 00000000 External STDCALL
GetMaxXY . . . . . . . . . . . .	P Near	 00000000 FLAT	Length= 00000000 External STDCALL
GetMseconds  . . . . . . . . . .	P Near	 00000000 FLAT	Length= 00000000 External STDCALL
GetNumberOfConsoleInputEvents  .	P Near	 00000000 FLAT	Length= 00000000 External STDCALL
GetProcessHeap . . . . . . . . .	P Near	 00000000 FLAT	Length= 00000000 External STDCALL
GetStdHandle . . . . . . . . . .	P Near	 00000000 FLAT	Length= 00000000 External STDCALL
GetSystemTime  . . . . . . . . .	P Near	 00000000 FLAT	Length= 00000000 External STDCALL
GetTextColor . . . . . . . . . .	P Near	 00000000 FLAT	Length= 00000000 External STDCALL
GetTickCount . . . . . . . . . .	P Near	 00000000 FLAT	Length= 00000000 External STDCALL
Gotoxy . . . . . . . . . . . . .	P Near	 00000000 FLAT	Length= 00000000 External STDCALL
HeapAlloc  . . . . . . . . . . .	P Near	 00000000 FLAT	Length= 00000000 External STDCALL
HeapCreate . . . . . . . . . . .	P Near	 00000000 FLAT	Length= 00000000 External STDCALL
HeapDestroy  . . . . . . . . . .	P Near	 00000000 FLAT	Length= 00000000 External STDCALL
HeapFree . . . . . . . . . . . .	P Near	 00000000 FLAT	Length= 00000000 External STDCALL
HeapSize . . . . . . . . . . . .	P Near	 00000000 FLAT	Length= 00000000 External STDCALL
IsDigit  . . . . . . . . . . . .	P Near	 00000000 FLAT	Length= 00000000 External STDCALL
LocalFree  . . . . . . . . . . .	P Near	 00000000 FLAT	Length= 00000000 External STDCALL
MessageBoxA  . . . . . . . . . .	P Near	 00000000 FLAT	Length= 00000000 External STDCALL
MsgBoxAsk  . . . . . . . . . . .	P Near	 00000000 FLAT	Length= 00000000 External STDCALL
MsgBox . . . . . . . . . . . . .	P Near	 00000000 FLAT	Length= 00000000 External STDCALL
OpenInputFile  . . . . . . . . .	P Near	 00000000 FLAT	Length= 00000000 External STDCALL
ParseDecimal32 . . . . . . . . .	P Near	 00000000 FLAT	Length= 00000000 External STDCALL
ParseInteger32 . . . . . . . . .	P Near	 00000000 FLAT	Length= 00000000 External STDCALL
PeekConsoleInputA  . . . . . . .	P Near	 00000000 FLAT	Length= 00000000 External STDCALL
Random32 . . . . . . . . . . . .	P Near	 00000000 FLAT	Length= 00000000 External STDCALL
RandomRange  . . . . . . . . . .	P Near	 00000000 FLAT	Length= 00000000 External STDCALL
Randomize  . . . . . . . . . . .	P Near	 00000000 FLAT	Length= 00000000 External STDCALL
ReadChar . . . . . . . . . . . .	P Near	 00000000 FLAT	Length= 00000000 External STDCALL
ReadConsoleA . . . . . . . . . .	P Near	 00000000 FLAT	Length= 00000000 External STDCALL
ReadConsoleInputA  . . . . . . .	P Near	 00000000 FLAT	Length= 00000000 External STDCALL
ReadDec  . . . . . . . . . . . .	P Near	 00000000 FLAT	Length= 00000000 External STDCALL
ReadFile . . . . . . . . . . . .	P Near	 00000000 FLAT	Length= 00000000 External STDCALL
ReadFloat  . . . . . . . . . . .	P Near	 00000000 FLAT	Length= 00000000 External STDCALL
ReadFromFile . . . . . . . . . .	P Near	 00000000 FLAT	Length= 00000000 External STDCALL
ReadHex  . . . . . . . . . . . .	P Near	 00000000 FLAT	Length= 00000000 External STDCALL
ReadInt  . . . . . . . . . . . .	P Near	 00000000 FLAT	Length= 00000000 External STDCALL
ReadKeyFlush . . . . . . . . . .	P Near	 00000000 FLAT	Length= 00000000 External STDCALL
ReadKey  . . . . . . . . . . . .	P Near	 00000000 FLAT	Length= 00000000 External STDCALL
ReadString . . . . . . . . . . .	P Near	 00000000 FLAT	Length= 00000000 External STDCALL
SetConsoleCursorInfo . . . . . .	P Near	 00000000 FLAT	Length= 00000000 External STDCALL
SetConsoleCursorPosition . . . .	P Near	 00000000 FLAT	Length= 00000000 External STDCALL
SetConsoleMode . . . . . . . . .	P Near	 00000000 FLAT	Length= 00000000 External STDCALL
SetConsoleScreenBufferSize . . .	P Near	 00000000 FLAT	Length= 00000000 External STDCALL
SetConsoleTextAttribute  . . . .	P Near	 00000000 FLAT	Length= 00000000 External STDCALL
SetConsoleTitleA . . . . . . . .	P Near	 00000000 FLAT	Length= 00000000 External STDCALL
SetConsoleWindowInfo . . . . . .	P Near	 00000000 FLAT	Length= 00000000 External STDCALL
SetFilePointer . . . . . . . . .	P Near	 00000000 FLAT	Length= 00000000 External STDCALL
SetLocalTime . . . . . . . . . .	P Near	 00000000 FLAT	Length= 00000000 External STDCALL
SetTextColor . . . . . . . . . .	P Near	 00000000 FLAT	Length= 00000000 External STDCALL
ShowFPUStack . . . . . . . . . .	P Near	 00000000 FLAT	Length= 00000000 External STDCALL
Sleep  . . . . . . . . . . . . .	P Near	 00000000 FLAT	Length= 00000000 External STDCALL
StrLength  . . . . . . . . . . .	P Near	 00000000 FLAT	Length= 00000000 External STDCALL
Str_compare  . . . . . . . . . .	P Near	 00000000 FLAT	Length= 00000000 External STDCALL
Str_copy . . . . . . . . . . . .	P Near	 00000000 FLAT	Length= 00000000 External STDCALL
Str_length . . . . . . . . . . .	P Near	 00000000 FLAT	Length= 00000000 External STDCALL
Str_trim . . . . . . . . . . . .	P Near	 00000000 FLAT	Length= 00000000 External STDCALL
Str_ucase  . . . . . . . . . . .	P Near	 00000000 FLAT	Length= 00000000 External STDCALL
SystemTimeToFileTime . . . . . .	P Near	 00000000 FLAT	Length= 00000000 External STDCALL
WaitMsg  . . . . . . . . . . . .	P Near	 00000000 FLAT	Length= 00000000 External STDCALL
WriteBinB  . . . . . . . . . . .	P Near	 00000000 FLAT	Length= 00000000 External STDCALL
WriteBin . . . . . . . . . . . .	P Near	 00000000 FLAT	Length= 00000000 External STDCALL
WriteChar  . . . . . . . . . . .	P Near	 00000000 FLAT	Length= 00000000 External STDCALL
WriteConsoleA  . . . . . . . . .	P Near	 00000000 FLAT	Length= 00000000 External STDCALL
WriteConsoleOutputAttribute  . .	P Near	 00000000 FLAT	Length= 00000000 External STDCALL
WriteConsoleOutputCharacterA . .	P Near	 00000000 FLAT	Length= 00000000 External STDCALL
WriteDec . . . . . . . . . . . .	P Near	 00000000 FLAT	Length= 00000000 External STDCALL
WriteFile  . . . . . . . . . . .	P Near	 00000000 FLAT	Length= 00000000 External STDCALL
WriteFloat . . . . . . . . . . .	P Near	 00000000 FLAT	Length= 00000000 External STDCALL
WriteHexB  . . . . . . . . . . .	P Near	 00000000 FLAT	Length= 00000000 External STDCALL
WriteHex . . . . . . . . . . . .	P Near	 00000000 FLAT	Length= 00000000 External STDCALL
WriteInt . . . . . . . . . . . .	P Near	 00000000 FLAT	Length= 00000000 External STDCALL
WriteStackFrameName  . . . . . .	P Near	 00000000 FLAT	Length= 00000000 External STDCALL
WriteStackFrame  . . . . . . . .	P Near	 00000000 FLAT	Length= 00000000 External STDCALL
WriteString  . . . . . . . . . .	P Near	 00000000 FLAT	Length= 00000000 External STDCALL
WriteToFile  . . . . . . . . . .	P Near	 00000000 FLAT	Length= 00000000 External STDCALL
WriteWindowsMsg  . . . . . . . .	P Near	 00000000 FLAT	Length= 00000000 External STDCALL
fill . . . . . . . . . . . . . .	P Near	 00000111 _TEXT	Length= 00000024 Public STDCALL
  L3 . . . . . . . . . . . . . .	L Near	 00000119 _TEXT	
  noAdd  . . . . . . . . . . . .	L Near	 0000012B _TEXT	
getData  . . . . . . . . . . . .	P Near	 000000E0 _TEXT	Length= 00000031 Public STDCALL
  L1 . . . . . . . . . . . . . .	L Near	 000000E4 _TEXT	
  L2 . . . . . . . . . . . . . .	L Near	 000000F1 _TEXT	
intro  . . . . . . . . . . . . .	P Near	 000000A2 _TEXT	Length= 0000003E Public STDCALL
main . . . . . . . . . . . . . .	P Near	 00000000 _TEXT	Length= 000000A2 Public STDCALL
medianCalc . . . . . . . . . . .	P Near	 00000195 _TEXT	Length= 00000053 Public STDCALL
  odd  . . . . . . . . . . . . .	L Near	 000001CD _TEXT	
  last . . . . . . . . . . . . .	L Near	 000001D0 _TEXT	
printf . . . . . . . . . . . . .	P Near	 00000000 FLAT	Length= 00000000 External C
print  . . . . . . . . . . . . .	P Near	 00000135 _TEXT	Length= 0000003E Public STDCALL
  L4 . . . . . . . . . . . . . .	L Near	 0000014D _TEXT	
  L5 . . . . . . . . . . . . . .	L Near	 0000016C _TEXT	
scanf  . . . . . . . . . . . . .	P Near	 00000000 FLAT	Length= 00000000 External C
wsprintfA  . . . . . . . . . . .	P Near	 00000000 FLAT	Length= 00000000 External C


Symbols:

                N a m e                 Type     Value    Attr

@CodeSize  . . . . . . . . . . .	Number	 00000000h   
@DataSize  . . . . . . . . . . .	Number	 00000000h   
@Interface . . . . . . . . . . .	Number	 00000003h   
@Model . . . . . . . . . . . . .	Number	 00000007h   
@code  . . . . . . . . . . . . .	Text   	 _TEXT
@data  . . . . . . . . . . . . .	Text   	 FLAT
@fardata?  . . . . . . . . . . .	Text   	 FLAT
@fardata . . . . . . . . . . . .	Text   	 FLAT
@stack . . . . . . . . . . . . .	Text   	 FLAT
ALT_MASK . . . . . . . . . . . .	Number	 00000003h   
CAPSLOCK_ON  . . . . . . . . . .	Number	 00000080h   
CREATE_ALWAYS  . . . . . . . . .	Number	 00000002h   
CREATE_NEW . . . . . . . . . . .	Number	 00000001h   
CTRL_MASK  . . . . . . . . . . .	Number	 0000000Ch   
CreateFile . . . . . . . . . . .	Text   	 CreateFileA
DO_NOT_SHARE . . . . . . . . . .	Number	 00000000h   
ENABLE_ECHO_INPUT  . . . . . . .	Number	 00000004h   
ENABLE_LINE_INPUT  . . . . . . .	Number	 00000002h   
ENABLE_MOUSE_INPUT . . . . . . .	Number	 00000010h   
ENABLE_PROCESSED_INPUT . . . . .	Number	 00000001h   
ENABLE_PROCESSED_OUTPUT  . . . .	Number	 00000001h   
ENABLE_WINDOW_INPUT  . . . . . .	Number	 00000008h   
ENABLE_WRAP_AT_EOL_OUTPUT  . . .	Number	 00000002h   
ENHANCED_KEY . . . . . . . . . .	Number	 00000100h   
FALSE  . . . . . . . . . . . . .	Number	 00000000h   
FILE_APPEND_DATA . . . . . . . .	Number	 00000004h   
FILE_ATTRIBUTE_ARCHIVE . . . . .	Number	 00000020h   
FILE_ATTRIBUTE_COMPRESSED  . . .	Number	 00000800h   
FILE_ATTRIBUTE_DEVICE  . . . . .	Number	 00000040h   
FILE_ATTRIBUTE_DIRECTORY . . . .	Number	 00000010h   
FILE_ATTRIBUTE_ENCRYPTED . . . .	Number	 00004000h   
FILE_ATTRIBUTE_HIDDEN  . . . . .	Number	 00000002h   
FILE_ATTRIBUTE_NORMAL  . . . . .	Number	 00000080h   
FILE_ATTRIBUTE_NOT_CONTENT_INDEXED .	Number	 00002000h   
FILE_ATTRIBUTE_OFFLINE . . . . .	Number	 00001000h   
FILE_ATTRIBUTE_READONLY  . . . .	Number	 00000001h   
FILE_ATTRIBUTE_REPARSE_POINT . .	Number	 00000400h   
FILE_ATTRIBUTE_SPARSE_FILE . . .	Number	 00000200h   
FILE_ATTRIBUTE_SYSTEM  . . . . .	Number	 00000004h   
FILE_ATTRIBUTE_TEMPORARY . . . .	Number	 00000100h   
FILE_BEGIN . . . . . . . . . . .	Number	 00000000h   
FILE_CURRENT . . . . . . . . . .	Number	 00000001h   
FILE_DELETE_CHILD  . . . . . . .	Number	 00000040h   
FILE_END . . . . . . . . . . . .	Number	 00000002h   
FILE_READ_DATA . . . . . . . . .	Number	 00000001h   
FILE_SHARE_DELETE  . . . . . . .	Number	 00000004h   
FILE_SHARE_READ  . . . . . . . .	Number	 00000001h   
FILE_SHARE_WRITE . . . . . . . .	Number	 00000002h   
FILE_WRITE_DATA  . . . . . . . .	Number	 00000002h   
FOCUS_EVENT  . . . . . . . . . .	Number	 00000010h   
FORMAT_MESSAGE_ALLOCATE_BUFFER .	Number	 00000100h   
FORMAT_MESSAGE_FROM_SYSTEM . . .	Number	 00001000h   
FormatMessage  . . . . . . . . .	Text   	 FormatMessageA
GENERIC_ALL  . . . . . . . . . .	Number	 10000000h   
GENERIC_EXECUTE  . . . . . . . .	Number	 20000000h   
GENERIC_READ . . . . . . . . . .	Number	 -80000000h   
GENERIC_WRITE  . . . . . . . . .	Number	 40000000h   
GetCommandLine . . . . . . . . .	Text   	 GetCommandLineA
HANDLE . . . . . . . . . . . . .	Text   	 DWORD
HEAP_GENERATE_EXCEPTIONS . . . .	Number	 00000004h   
HEAP_GROWABLE  . . . . . . . . .	Number	 00000002h   
HEAP_NO_SERIALIZE  . . . . . . .	Number	 00000001h   
HEAP_REALLOC_IN_PLACE_ONLY . . .	Number	 00000010h   
HEAP_ZERO_MEMORY . . . . . . . .	Number	 00000008h   
HI . . . . . . . . . . . . . . .	Number	 000003E7h   
IDABORT  . . . . . . . . . . . .	Number	 00000003h   
IDCANCEL . . . . . . . . . . . .	Number	 00000002h   
IDCLOSE  . . . . . . . . . . . .	Number	 00000008h   
IDCONTINUE . . . . . . . . . . .	Number	 0000000Bh   
IDHELP . . . . . . . . . . . . .	Number	 00000009h   
IDIGNORE . . . . . . . . . . . .	Number	 00000005h   
IDNO . . . . . . . . . . . . . .	Number	 00000007h   
IDOK . . . . . . . . . . . . . .	Number	 00000001h   
IDRETRY  . . . . . . . . . . . .	Number	 00000004h   
IDTIMEOUT  . . . . . . . . . . .	Number	 00007D00h   
IDTRYAGAIN . . . . . . . . . . .	Number	 0000000Ah   
IDYES  . . . . . . . . . . . . .	Number	 00000006h   
INVALID_HANDLE_VALUE . . . . . .	Number	 -00000001h   
KBDOWN_FLAG  . . . . . . . . . .	Number	 00000001h   
KEY_EVENT  . . . . . . . . . . .	Number	 00000001h   
KEY_MASKS  . . . . . . . . . . .	Number	 0000001Fh   
LEFT_ALT_PRESSED . . . . . . . .	Number	 00000002h   
LEFT_CTRL_PRESSED  . . . . . . .	Number	 00000008h   
LO . . . . . . . . . . . . . . .	Number	 00000064h   
MAX  . . . . . . . . . . . . . .	Number	 000000C8h   
MB_ABORTRETRYIGNORE  . . . . . .	Number	 00000002h   
MB_APPLMODAL . . . . . . . . . .	Number	 00000000h   
MB_CANCELTRYCONTINUE . . . . . .	Number	 00000006h   
MB_DEFBUTTON1  . . . . . . . . .	Number	 00000000h   
MB_DEFBUTTON2  . . . . . . . . .	Number	 00000100h   
MB_DEFBUTTON3  . . . . . . . . .	Number	 00000200h   
MB_DEFBUTTON4  . . . . . . . . .	Number	 00000300h   
MB_HELP  . . . . . . . . . . . .	Number	 00004000h   
MB_ICONASTERISK  . . . . . . . .	Number	 00000040h   
MB_ICONERROR . . . . . . . . . .	Number	 00000010h   
MB_ICONEXCLAMATION . . . . . . .	Number	 00000030h   
MB_ICONHAND  . . . . . . . . . .	Number	 00000010h   
MB_ICONINFORMATION . . . . . . .	Number	 00000040h   
MB_ICONQUESTION  . . . . . . . .	Number	 00000020h   
MB_ICONSTOP  . . . . . . . . . .	Number	 00000010h   
MB_ICONWARNING . . . . . . . . .	Number	 00000030h   
MB_OKCANCEL  . . . . . . . . . .	Number	 00000001h   
MB_OK  . . . . . . . . . . . . .	Number	 00000000h   
MB_RETRYCANCEL . . . . . . . . .	Number	 00000005h   
MB_SYSTEMMODAL . . . . . . . . .	Number	 00001000h   
MB_TASKMODAL . . . . . . . . . .	Number	 00002000h   
MB_USERICON  . . . . . . . . . .	Number	 00000080h   
MB_YESNOCANCEL . . . . . . . . .	Number	 00000003h   
MB_YESNO . . . . . . . . . . . .	Number	 00000004h   
MENU_EVENT . . . . . . . . . . .	Number	 00000008h   
MIN  . . . . . . . . . . . . . .	Number	 0000000Ah   
MOUSE_EVENT  . . . . . . . . . .	Number	 00000002h   
MessageBox . . . . . . . . . . .	Text   	 MessageBoxA
NULL . . . . . . . . . . . . . .	Number	 00000000h   
NUMLOCK_ON . . . . . . . . . . .	Number	 00000020h   
OPEN_ALWAYS  . . . . . . . . . .	Number	 00000004h   
OPEN_EXISTING  . . . . . . . . .	Number	 00000003h   
PeekConsoleInput . . . . . . . .	Text   	 PeekConsoleInputA
RIGHT_ALT_PRESSED  . . . . . . .	Number	 00000001h   
RIGHT_CTRL_PRESSED . . . . . . .	Number	 00000004h   
ReadConsoleInput . . . . . . . .	Text   	 ReadConsoleInputA
ReadConsole  . . . . . . . . . .	Text   	 ReadConsoleA
SCROLLLOCK_ON  . . . . . . . . .	Number	 00000040h   
SHIFT_MASK . . . . . . . . . . .	Number	 00000010h   
SHIFT_PRESSED  . . . . . . . . .	Number	 00000010h   
STD_ERROR_HANDLE . . . . . . . .	Number	 -0000000Ch   
STD_INPUT_HANDLE . . . . . . . .	Number	 -0000000Ah   
STD_OUTPUT_HANDLE  . . . . . . .	Number	 -0000000Bh   
SetConsoleTitle  . . . . . . . .	Text   	 SetConsoleTitleA
TAB  . . . . . . . . . . . . . .	Number	 00000009h   
TRUE . . . . . . . . . . . . . .	Number	 00000001h   
TRUNCATE_EXISTING  . . . . . . .	Number	 00000005h   
VK_11  . . . . . . . . . . . . .	Number	 000000BDh   
VK_12  . . . . . . . . . . . . .	Number	 000000BBh   
VK_ADD . . . . . . . . . . . . .	Number	 0000006Bh   
VK_BACK  . . . . . . . . . . . .	Number	 00000008h   
VK_CANCEL  . . . . . . . . . . .	Number	 00000003h   
VK_CAPITAL . . . . . . . . . . .	Number	 00000014h   
VK_CLEAR . . . . . . . . . . . .	Number	 0000000Ch   
VK_CONTROL . . . . . . . . . . .	Number	 00000011h   
VK_DECIMAL . . . . . . . . . . .	Number	 0000006Eh   
VK_DELETE  . . . . . . . . . . .	Number	 0000002Eh   
VK_DIVIDE  . . . . . . . . . . .	Number	 0000006Fh   
VK_DOWN  . . . . . . . . . . . .	Number	 00000028h   
VK_END . . . . . . . . . . . . .	Number	 00000023h   
VK_ESCAPE  . . . . . . . . . . .	Number	 0000001Bh   
VK_EXECUTE . . . . . . . . . . .	Number	 0000002Bh   
VK_F10 . . . . . . . . . . . . .	Number	 00000079h   
VK_F11 . . . . . . . . . . . . .	Number	 0000007Ah   
VK_F12 . . . . . . . . . . . . .	Number	 0000007Bh   
VK_F13 . . . . . . . . . . . . .	Number	 0000007Ch   
VK_F14 . . . . . . . . . . . . .	Number	 0000007Dh   
VK_F15 . . . . . . . . . . . . .	Number	 0000007Eh   
VK_F16 . . . . . . . . . . . . .	Number	 0000007Fh   
VK_F17 . . . . . . . . . . . . .	Number	 00000080h   
VK_F18 . . . . . . . . . . . . .	Number	 00000081h   
VK_F19 . . . . . . . . . . . . .	Number	 00000082h   
VK_F1  . . . . . . . . . . . . .	Number	 00000070h   
VK_F20 . . . . . . . . . . . . .	Number	 00000083h   
VK_F21 . . . . . . . . . . . . .	Number	 00000084h   
VK_F22 . . . . . . . . . . . . .	Number	 00000085h   
VK_F23 . . . . . . . . . . . . .	Number	 00000086h   
VK_F24 . . . . . . . . . . . . .	Number	 00000087h   
VK_F2  . . . . . . . . . . . . .	Number	 00000071h   
VK_F3  . . . . . . . . . . . . .	Number	 00000072h   
VK_F4  . . . . . . . . . . . . .	Number	 00000073h   
VK_F5  . . . . . . . . . . . . .	Number	 00000074h   
VK_F6  . . . . . . . . . . . . .	Number	 00000075h   
VK_F7  . . . . . . . . . . . . .	Number	 00000076h   
VK_F8  . . . . . . . . . . . . .	Number	 00000077h   
VK_F9  . . . . . . . . . . . . .	Number	 00000078h   
VK_HELP  . . . . . . . . . . . .	Number	 0000002Fh   
VK_HOME  . . . . . . . . . . . .	Number	 00000024h   
VK_INSERT  . . . . . . . . . . .	Number	 0000002Dh   
VK_LBUTTON . . . . . . . . . . .	Number	 00000001h   
VK_LCONTROL  . . . . . . . . . .	Number	 000000A2h   
VK_LEFT  . . . . . . . . . . . .	Number	 00000025h   
VK_LMENU . . . . . . . . . . . .	Number	 000000A4h   
VK_LSHIFT  . . . . . . . . . . .	Number	 000000A0h   
VK_MENU  . . . . . . . . . . . .	Number	 00000012h   
VK_MULTIPLY  . . . . . . . . . .	Number	 0000006Ah   
VK_NEXT  . . . . . . . . . . . .	Number	 00000022h   
VK_NUMLOCK . . . . . . . . . . .	Number	 00000090h   
VK_NUMPAD0 . . . . . . . . . . .	Number	 00000060h   
VK_NUMPAD1 . . . . . . . . . . .	Number	 00000061h   
VK_NUMPAD2 . . . . . . . . . . .	Number	 00000062h   
VK_NUMPAD3 . . . . . . . . . . .	Number	 00000063h   
VK_NUMPAD4 . . . . . . . . . . .	Number	 00000064h   
VK_NUMPAD5 . . . . . . . . . . .	Number	 00000065h   
VK_NUMPAD6 . . . . . . . . . . .	Number	 00000066h   
VK_NUMPAD7 . . . . . . . . . . .	Number	 00000067h   
VK_NUMPAD8 . . . . . . . . . . .	Number	 00000068h   
VK_NUMPAD9 . . . . . . . . . . .	Number	 00000069h   
VK_PAUSE . . . . . . . . . . . .	Number	 00000013h   
VK_PRINT . . . . . . . . . . . .	Number	 0000002Ah   
VK_PRIOR . . . . . . . . . . . .	Number	 00000021h   
VK_RBUTTON . . . . . . . . . . .	Number	 00000002h   
VK_RCONTROL  . . . . . . . . . .	Number	 000000A3h   
VK_RETURN  . . . . . . . . . . .	Number	 0000000Dh   
VK_RIGHT . . . . . . . . . . . .	Number	 00000027h   
VK_RMENU . . . . . . . . . . . .	Number	 000000A5h   
VK_RSHIFT  . . . . . . . . . . .	Number	 000000A1h   
VK_SCROLL  . . . . . . . . . . .	Number	 00000091h   
VK_SEPARATER . . . . . . . . . .	Number	 0000006Ch   
VK_SHIFT . . . . . . . . . . . .	Number	 00000010h   
VK_SNAPSHOT  . . . . . . . . . .	Number	 0000002Ch   
VK_SPACE . . . . . . . . . . . .	Number	 00000020h   
VK_SUBTRACT  . . . . . . . . . .	Number	 0000006Dh   
VK_TAB . . . . . . . . . . . . .	Number	 00000009h   
VK_UP  . . . . . . . . . . . . .	Number	 00000026h   
WINDOW_BUFFER_SIZE_EVENT . . . .	Number	 00000004h   
WriteConsoleOutputCharacter  . .	Text   	 WriteConsoleOutputCharacterA
WriteConsole . . . . . . . . . .	Text   	 WriteConsoleA
array  . . . . . . . . . . . . .	DWord	 0000014A _DATA	
black  . . . . . . . . . . . . .	Number	 00000000h   
blue . . . . . . . . . . . . . .	Number	 00000001h   
brown  . . . . . . . . . . . . .	Number	 00000006h   
cyan . . . . . . . . . . . . . .	Number	 00000003h   
exit . . . . . . . . . . . . . .	Text   	 INVOKE ExitProcess,0
gray . . . . . . . . . . . . . .	Number	 00000008h   
green  . . . . . . . . . . . . .	Number	 00000002h   
intro1 . . . . . . . . . . . . .	Byte	 00000000 _DATA	
intro2 . . . . . . . . . . . . .	Byte	 0000003C _DATA	
intro3 . . . . . . . . . . . . .	Byte	 0000007D _DATA	
intro4 . . . . . . . . . . . . .	Byte	 000000BC _DATA	
invalid  . . . . . . . . . . . .	Byte	 00000139 _DATA	
lightBlue  . . . . . . . . . . .	Number	 00000009h   
lightCyan  . . . . . . . . . . .	Number	 0000000Bh   
lightGray  . . . . . . . . . . .	Number	 00000007h   
lightGreen . . . . . . . . . . .	Number	 0000000Ah   
lightMagenta . . . . . . . . . .	Number	 0000000Dh   
lightRed . . . . . . . . . . . .	Number	 0000000Ch   
magenta  . . . . . . . . . . . .	Number	 00000005h   
median . . . . . . . . . . . . .	Byte	 0000046E _DATA	
numOfNums  . . . . . . . . . . .	Byte	 00000105 _DATA	
red  . . . . . . . . . . . . . .	Number	 00000004h   
space  . . . . . . . . . . . . .	Byte	 00000148 _DATA	
value  . . . . . . . . . . . . .	DWord	 0000046A _DATA	
white  . . . . . . . . . . . . .	Number	 0000000Fh   
wsprintf . . . . . . . . . . . .	Text   	 wsprintfA
yellow . . . . . . . . . . . . .	Number	 0000000Eh   

	   0 Warnings
	   0 Errors
