d:\asmbook 7\examples\project32_vs2013\debug\project.ilk
d:\asmbook 7\examples\project32_vs2013\debug\project.exe
d:\asmbook 7\examples\project32_vs2013\debug\project.pdb
d:\asmbook 7\examples\project32_vs2013\debug\addtwo.obj
c:\irvine\examples\project32_vs2015\debug\project.ilk
c:\irvine\examples\project32_vs2015\debug\project.exe
c:\irvine\examples\project32_vs2015\debug\project.pdb
c:\users\alise\desktop\ethan school\winter 2017 cs271-comp arch and assemb lang\project_1\debug\project.ilk
c:\users\alise\desktop\ethan school\winter 2017 cs271-comp arch and assemb lang\project_1\debug\project.exe
c:\users\alise\desktop\ethan school\winter 2017 cs271-comp arch and assemb lang\project_1\debug\project.pdb
c:\irvine\examples\project32_vs2015\debug\addtwo.obj
c:\irvine\examples\project32_vs2015\debug\template.obj
c:\users\alise\desktop\ethan school\winter 2017 cs271-comp arch and assemb lang\project_1\debug\program_1.obj
c:\users\alise\desktop\ethan school\winter 2017 cs271-comp arch and assemb lang\project_1\debug\addtwo.obj
c:\users\alise\desktop\ethan school\winter 2017 cs271-comp arch and assemb lang\project_1\debug\template.obj
c:\users\alise\desktop\ethan school\winter 2017 cs271-comp arch and assemb lang\project_1\debug\link-cvtres.read.1.tlog
c:\users\alise\desktop\ethan school\winter 2017 cs271-comp arch and assemb lang\project_1\debug\link-cvtres.write.1.tlog
c:\users\alise\desktop\ethan school\winter 2017 cs271-comp arch and assemb lang\project_1\debug\link-rc.read.1.tlog
c:\users\alise\desktop\ethan school\winter 2017 cs271-comp arch and assemb lang\project_1\debug\link-rc.write.1.tlog
c:\users\alise\desktop\ethan school\winter 2017 cs271-comp arch and assemb lang\project_1\debug\link.command.1.tlog
c:\users\alise\desktop\ethan school\winter 2017 cs271-comp arch and assemb lang\project_1\debug\link.read.1.tlog
c:\users\alise\desktop\ethan school\winter 2017 cs271-comp arch and assemb lang\project_1\debug\link.write.1.tlog
c:\users\alise\desktop\ethan school\winter 2017 cs271-comp arch and assemb lang\project_1\debug\project.write.1.tlog
c:\users\alise\desktop\ethan school\winter 2017 cs271-comp arch and assemb lang\project_1\debug\project.tlog\link.command.1.tlog
c:\users\alise\desktop\ethan school\winter 2017 cs271-comp arch and assemb lang\project_1\debug\project.tlog\link.read.1.tlog
c:\users\alise\desktop\ethan school\winter 2017 cs271-comp arch and assemb lang\project_1\debug\project.tlog\link.write.1.tlog
c:\users\alise\desktop\ethan school\winter 2017 cs271-comp arch and assemb lang\project_1\debug\project.tlog\project.write.1u.tlog
