Microsoft (R) Macro Assembler Version 14.00.24210.0	    03/16/17 17:17:02
3Combinations Tester     (Project6_Dunham_Ethan.asm	     Page 1 - 1


				TITLE Combinations Tester     (Project6_Dunham_Ethan.asm)

				; Author: Ethan Dunham
				; Course / Project ID  271-6B               Date: 3/15/17
				; Description: This program provides a simple tool to test your knowledge of combinations.

				INCLUDE Irvine32.inc
			      C ; Include file for Irvine32.lib             (Irvine32.inc)
			      C 
			      C ;OPTION CASEMAP:NONE		; optional: make identifiers case-sensitive
			      C 
			      C INCLUDE SmallWin.inc		; MS-Windows prototypes, structures, and constants
			      C .NOLIST
			      C .LIST
			      C 
			      C INCLUDE VirtualKeys.inc
			      C ; VirtualKeys.inc
			      C .NOLIST
			      C .LIST
			      C 
			      C 
			      C .NOLIST
			      C .LIST
			      C 

				; (insert constant definitions here)

				;string display macro from Lecture 26 video
				mWriteString MACRO string
					push	edx
					mov		edx, offset string
					call	writeString
					pop		edx
				ENDM

				;writes decimal.
				mWriteDec MACRO	integer
					push	eax
					mov		eax, integer
					call	writeDec
					pop		eax
				ENDM

 00000000			.data

 00000000 57 65 6C 63 6F	intro1		BYTE	"Welcome to the Combination Tester implemented by Ethan Dunham",0
	   6D 65 20 74 6F
	   20 74 68 65 20
	   43 6F 6D 62 69
	   6E 61 74 69 6F
	   6E 20 54 65 73
	   74 65 72 20 69
	   6D 70 6C 65 6D
	   65 6E 74 65 64
	   20 62 79 20 45
	   74 68 61 6E 20
	   44 75 6E 68 61
	   6D 00
 0000003E 49 20 77 69 6C	intro2		BYTE	"I will generate a random combination problem for you to solve.",0
	   6C 20 67 65 6E
	   65 72 61 74 65
	   20 61 20 72 61
	   6E 64 6F 6D 20
	   63 6F 6D 62 69
	   6E 61 74 69 6F
	   6E 20 70 72 6F
	   62 6C 65 6D 20
	   66 6F 72 20 79
	   6F 75 20 74 6F
	   20 73 6F 6C 76
	   65 2E 00
 0000007D 59 6F 75 20 77	intro3		BYTE	"You will enter your answer and I will check to see if you are correct.",0
	   69 6C 6C 20 65
	   6E 74 65 72 20
	   79 6F 75 72 20
	   61 6E 73 77 65
	   72 20 61 6E 64
	   20 49 20 77 69
	   6C 6C 20 63 68
	   65 63 6B 20 74
	   6F 20 73 65 65
	   20 69 66 20 79
	   6F 75 20 61 72
	   65 20 63 6F 72
	   72 65 63 74 2E
	   00
 000000C4 45 43 3A 54 68	intro4		BYTE	"EC:This prgram keeps score.",0
	   69 73 20 70 72
	   67 72 61 6D 20
	   6B 65 65 70 73
	   20 73 63 6F 72
	   65 2E 00
 000000E0 50 72 6F 62 6C	problem		BYTE	"Problem ",0
	   65 6D 20 00
 000000E9 41 6E 6F 74 68	again		BYTE	"Another problem? (y/n): ",0
	   65 72 20 70 72
	   6F 62 6C 65 6D
	   3F 20 28 79 2F
	   6E 29 3A 20 00
 00000102 49 6E 76 61 6C	error		BYTE	"Invalid response. ",0
	   69 64 20 72 65
	   73 70 6F 6E 73
	   65 2E 20 00
 00000115 4E 75 6D 62 65	elements	BYTE	"Number of elements in the set: ",0
	   72 20 6F 66 20
	   65 6C 65 6D 65
	   6E 74 73 20 69
	   6E 20 74 68 65
	   20 73 65 74 3A
	   20 00
 00000135 4E 75 6D 62 65	choose		BYTE	"Number of elements to choose from the set: ",0
	   72 20 6F 66 20
	   65 6C 65 6D 65
	   6E 74 73 20 74
	   6F 20 63 68 6F
	   6F 73 65 20 66
	   72 6F 6D 20 74
	   68 65 20 73 65
	   74 3A 20 00
 00000161 54 68 65 72 65	answer1		BYTE	"There are ",0
	   20 61 72 65 20
	   00
 0000016C 20 63 6F 6D 62	answer2		BYTE	" combinations of ",0
	   69 6E 61 74 69
	   6F 6E 73 20 6F
	   66 20 00
 0000017E 20 69 74 65 6D	answer3		BYTE	" items from a set of ",0
	   73 20 66 72 6F
	   6D 20 61 20 73
	   65 74 20 6F 66
	   20 00
 00000194 2E 00			answer4		BYTE	".",0
 00000196 59 6F 75 20 67	fail		BYTE	"You got the answer incorrect. You guessed: ",0
	   6F 74 20 74 68
	   65 20 61 6E 73
	   77 65 72 20 69
	   6E 63 6F 72 72
	   65 63 74 2E 20
	   59 6F 75 20 67
	   75 65 73 73 65
	   64 3A 20 00
 000001C2 59 6F 75 20 67	pass		BYTE	"You got the answer correct. You guessed: ",0
	   6F 74 20 74 68
	   65 20 61 6E 73
	   77 65 72 20 63
	   6F 72 72 65 63
	   74 2E 20 59 6F
	   75 20 67 75 65
	   73 73 65 64 3A
	   20 00
 000001EC 48 6F 77 20 6D	guess		BYTE	"How many ways can you choose? ",0
	   61 6E 79 20 77
	   61 79 73 20 63
	   61 6E 20 79 6F
	   75 20 63 68 6F
	   6F 73 65 3F 20
	   00
 0000020B 59 6F 75 72 20	score1		BYTE	"Your score was:",0
	   73 63 6F 72 65
	   20 77 61 73 3A
	   00
 0000021B 43 6F 72 72 65	score2		BYTE	"Correct:   ",0
	   63 74 3A 20 20
	   20 00
 00000227 49 6E 63 6F 72	score3		BYTE	"Incorrect: ",0
	   72 65 63 74 3A
	   20 00
 00000233  00000002 [		DoOver		Byte	2 dup(0)
	    00
	   ]
 00000235 00000001		numprob		DWORD	1
 00000239 00000000		numElements DWORD	?
 0000023D 00000000		numchoices	DWORD	?
 00000241  0000000A [		response	BYTE	10 dup(?)
	    00
	   ]
 0000024B 00000000		responseNum	DWORD	0
 0000024F 00000000		correct		DWORD	0
 00000253 00000000		incorrect	DWORD	0
 00000257 00000000		nFact		DWORD	0
 0000025B 00000000		rFact		DWORD	0
 0000025F 00000000		nMinRFact	DWORD	0
 00000263 00000000		nMinR		DWORD	0
 00000267 00000000		result		DWORD	?


				; (insert variable definitions here)

 00000000			.code
 00000000			main PROC
 00000000  E8 00000000 E		CALL	 Randomize
 00000005  E8 0000019B			CALL	introduction
 0000000A  EB 2A			JMP		start

					;reset everything
 0000000C			DoAgain:
 0000000C  B8 00000000			MOV		eax,0
 00000011  C6 05 00000241 R		MOV		response, 0
	   00
 00000018  A3 00000267 R		MOV		result,eax
 0000001D  A3 0000024B R		MOV		responseNum,eax
 00000022  A3 00000257 R		MOV		nFact,eax
 00000027  A3 0000025B R		MOV		rFact,eax
 0000002C  A3 0000025F R		MOV		nMinRFact,eax
 00000031  A3 00000263 R		MOV		nMinR,eax

 00000036			Start:
 00000036  68 00000263 R		PUSH	offset nMinR
 0000003B  68 00000239 R		PUSH	offset numElements
 00000040  68 0000023D R		PUSH	offset numchoices
 00000045  E8 000001A5			CALL	showProblem

 0000004A  E8 00000000 E		CALL	crlf
					mwriteString	problem
 0000004F  52		     1		push	edx
 00000050  BA 000000E0 R     1		mov		edx, offset problem
 00000055  E8 00000000 E     1		call	writeString
 0000005A  5A		     1		pop		edx
					mWriteDec		numprob
 0000005B  50		     1		push	eax
 0000005C  A1 00000235 R     1		mov		eax, numprob
 00000061  E8 00000000 E     1		call	writeDec
 00000066  58		     1		pop		eax
 00000067  E8 00000000 E		Call			crlf

					mWriteString	elements
 0000006C  52		     1		push	edx
 0000006D  BA 00000115 R     1		mov		edx, offset elements
 00000072  E8 00000000 E     1		call	writeString
 00000077  5A		     1		pop		edx
					mWriteDec		numElements
 00000078  50		     1		push	eax
 00000079  A1 00000239 R     1		mov		eax, numElements
 0000007E  E8 00000000 E     1		call	writeDec
 00000083  58		     1		pop		eax

 00000084  E8 00000000 E		CALL	crlf

					mWriteString	choose
 00000089  52		     1		push	edx
 0000008A  BA 00000135 R     1		mov		edx, offset choose
 0000008F  E8 00000000 E     1		call	writeString
 00000094  5A		     1		pop		edx
					mWriteDec		numchoices
 00000095  50		     1		push	eax
 00000096  A1 0000023D R     1		mov		eax, numchoices
 0000009B  E8 00000000 E     1		call	writeDec
 000000A0  58		     1		pop		eax

 000000A1  68 00000241 R		PUSH	offset response
 000000A6  68 0000024B R		PUSH	offset responseNum
 000000AB  E8 0000016C			CALL	getData

					;address of result, numChoices, numElements, nfact, rfact, nminrfact
 000000B0  68 00000263 R		PUSH	offset nMinR
 000000B5  68 00000267 R		PUSH	offset result
 000000BA  68 0000023D R		PUSH	offset numChoices
 000000BF  68 00000239 R		PUSH	offset numElements
 000000C4  68 00000257 R		PUSH	offset nFact
 000000C9  68 0000025B R		PUSH	offset rFact
 000000CE  68 0000025F R		PUSH	offset nMinRFact
 000000D3  E8 000001B5			CALL	combinations


					;accepts the values of n, r, answer, and result.
 000000D8  FF 35 00000239 R		Push	numElements
 000000DE  FF 35 0000023D R		Push	numchoices
 000000E4  FF 35 0000024B R		Push	responseNum
 000000EA  FF 35 00000267 R		Push	result
 000000F0  68 0000024F R		Push	offset correct
 000000F5  68 00000253 R		Push	offset incorrect
 000000FA  E8 00000201			CALL	showResults

 000000FF  E8 00000000 E		Call	crlf

					;ask to loop or not.
 00000104			verify:
 00000104  FF 05 00000235 R		inc		numprob
					mWriteString again
 0000010A  52		     1		push	edx
 0000010B  BA 000000E9 R     1		mov		edx, offset again
 00000110  E8 00000000 E     1		call	writeString
 00000115  5A		     1		pop		edx
 00000116  BA 00000233 R		MOV		edx,offset DoOver
 0000011B  B9 00000002			MOV		ecx,2
 00000120  E8 00000000 E		Call	readString
 00000125  80 3D 00000233 R		CMP		DoOver,121
	   79
 0000012C  0F 84 FFFFFEDA		JE		DoAgain
 00000132  80 3D 00000233 R		CMP		DoOver,110
	   6E
 00000139  74 13			JE		finish
					mwriteString error
 0000013B  52		     1		push	edx
 0000013C  BA 00000102 R     1		mov		edx, offset error
 00000141  E8 00000000 E     1		call	writeString
 00000146  5A		     1		pop		edx
 00000147  E8 00000000 E		CALL	crlf
 0000014C  EB B6			jmp		verify
 0000014E			Finish:
					;Show the score.
 0000014E  E8 00000000 E		Call	crlf
					mWriteString	score1
 00000153  52		     1		push	edx
 00000154  BA 0000020B R     1		mov		edx, offset score1
 00000159  E8 00000000 E     1		call	writeString
 0000015E  5A		     1		pop		edx
 0000015F  E8 00000000 E		CALL	crlf
					mWriteString	score2
 00000164  52		     1		push	edx
 00000165  BA 0000021B R     1		mov		edx, offset score2
 0000016A  E8 00000000 E     1		call	writeString
 0000016F  5A		     1		pop		edx
					mWriteDec		correct
 00000170  50		     1		push	eax
 00000171  A1 0000024F R     1		mov		eax, correct
 00000176  E8 00000000 E     1		call	writeDec
 0000017B  58		     1		pop		eax
 0000017C  E8 00000000 E		CALL	crlf
					mWriteString	score3
 00000181  52		     1		push	edx
 00000182  BA 00000227 R     1		mov		edx, offset score3
 00000187  E8 00000000 E     1		call	writeString
 0000018C  5A		     1		pop		edx
					mWriteDec		incorrect
 0000018D  50		     1		push	eax
 0000018E  A1 00000253 R     1		mov		eax, incorrect
 00000193  E8 00000000 E     1		call	writeDec
 00000198  58		     1		pop		eax
 00000199  E8 00000000 E		Call	crlf

					exit	; exit to operating system
 0000019E  6A 00	   *	    push   +000000000h
 000001A0  E8 00000000 E   *	    call   ExitProcess
 000001A5			main ENDP

				;display title, programmer name, and instructions.
 000001A5			introduction PROC
					mWriteString intro1
 000001A5  52		     1		push	edx
 000001A6  BA 00000000 R     1		mov		edx, offset intro1
 000001AB  E8 00000000 E     1		call	writeString
 000001B0  5A		     1		pop		edx
 000001B1  E8 00000000 E		CALL	crlf
					
					mWriteString intro4
 000001B6  52		     1		push	edx
 000001B7  BA 000000C4 R     1		mov		edx, offset intro4
 000001BC  E8 00000000 E     1		call	writeString
 000001C1  5A		     1		pop		edx
 000001C2  E8 00000000 E		CALL	crlf
 000001C7  E8 00000000 E		CALL	crlf

					mWriteString intro2
 000001CC  52		     1		push	edx
 000001CD  BA 0000003E R     1		mov		edx, offset intro2
 000001D2  E8 00000000 E     1		call	writeString
 000001D7  5A		     1		pop		edx
 000001D8  E8 00000000 E		CALL	crlf

					mWriteString intro3
 000001DD  52		     1		push	edx
 000001DE  BA 0000007D R     1		mov		edx, offset intro3
 000001E3  E8 00000000 E     1		call	writeString
 000001E8  5A		     1		pop		edx
 000001E9  E8 00000000 E		CALL	crlf
 000001EE  C3				ret
 000001EF			introduction ENDP

				;generates the random numbers and displays the problem
				;accepts addresses of n and r
				;+16 nMinR
				;+12 elements
				;+8 choices
 000001EF			showProblem PROC
 000001EF  55				push	ebp
 000001F0  8B EC			MOV		ebp, esp
 000001F2  8B 75 0C			MOV		esi,[ebp+12]
 000001F5  B8 00000009			MOV		eax, 9
 000001FA  E8 00000000 E		Call	RandomRange
 000001FF  83 C0 03			add		eax, 3
 00000202  8B D8			MOV		ebx,eax
 00000204  89 06			mov		[esi],eax
 00000206  8B 75 08			MOV		esi,[ebp+8]
 00000209  E8 00000000 E		Call	RandomRange
 0000020E  89 06			MOV		[esi],eax
 00000210  93				xchg	eax,ebx
 00000211  2B C3			sub		eax, ebx
 00000213  8B 75 10			MOV		esi, [ebp+16]
 00000216  89 06			MOV		[esi],eax
 00000218  5D				POP		ebp
 00000219  C2 000C			ret	12
 0000021C			showProblem ENDP

				;prompt / get the user’s answer.
				;answer should be passed to getData by address
				;+12 offset response string
				;+8 offset response number
				;*Citation-similar to/inspiration from http://stackoverflow.com/questions/13666153/masm-convert-string-to-integer-processing-invalid-input
 0000021C			getData PROC
 0000021C  55				push	ebp
 0000021D  8B EC			MOV		ebp, esp
 0000021F  EB 1B			jmp		L2

				;error
 00000221			L1:
					mWriteString error
 00000221  52		     1		push	edx
 00000222  BA 00000102 R     1		mov		edx, offset error
 00000227  E8 00000000 E     1		call	writeString
 0000022C  5A		     1		pop		edx
 0000022D  61				popAD
 0000022E  32 C0		    XOR     al,al
 00000230  33 C0		    XOR     eax,eax
 00000232  8B 5D 0C		    mov     ebx,[ebp+12]
 00000235  89 03		    mov     [ebx],eax   
 00000237  BA 00000000			MOV		edx,0    

				;gets string
 0000023C			L2:
 0000023C  8B 55 0C			mov		edx, [ebp+12]
 0000023F  E8 00000000 E		Call	crlf
					mWriteString guess
 00000244  52		     1		push	edx
 00000245  BA 000001EC R     1		mov		edx, offset guess
 0000024A  E8 00000000 E     1		call	writeString
 0000024F  5A		     1		pop		edx
 00000250  B9 0000000A			mov		ecx, 10
 00000255  E8 00000000 E		CALL	readString
 0000025A  E8 00000000 E		CALL	crlf
 0000025F  8B C8			MOV		ecx, eax
 00000261  8B 75 0C			MOV		esi,[ebp+12]
 00000264  60				pushAD

				;validates and adds the number to the responseNum
 00000265			L3:
 00000265  8B 5D 08			MOV		ebx, [ebp+8]
 00000268  8B 03			MOV		eax,[ebx]
 0000026A  BB 0000000A			MOV		ebx,10
 0000026F  F7 E3			MUl		ebx
 00000271  8B 5D 08			MOV		ebx,[ebp+8]
 00000274  89 03			MOV		[ebx],eax
 00000276  AC				lodsb
 00000277  2C 30			sub		al,48
 00000279  3C 00			cmp		al,0
 0000027B  7C A4			JL		L1
 0000027D  3C 09			cmp		al, 9
 0000027F  7F A0			JG		L1

					;place in DWORD variable
					
 00000281  8B 5D 08			MOV		ebx,[ebp+8]
 00000284  00 03			ADD		[ebx],al
 00000286  E2 DD			LOOP	L3
 00000288  61				popAD
 00000289  5D				pop		ebp
 0000028A  C2 0008			ret	8
 0000028D			getData ENDP

				;does the calculations
				;address of result, numChoices, numElements, nfac, rfac, nminrfac
				;+32	nMinR
				;+28	offset result
				;+24	numChoices
				;+20	numElements
				;+16	offset nFact
				;+12	offset rFact
				;+8		offset nMinRFact
 0000028D			combinations PROC
 0000028D  55				push	ebp
 0000028E  8B EC			MOV		ebp, esp

 00000290  8B 75 14			MOV		esi,[ebp+20]
 00000293  8B 06			MOV		eax,[esi]
 00000295  50				PUSH	eax
 00000296  E8 00000043			CALL	factorial
 0000029B  8B 75 10			MOV		esi,[ebp+16]
 0000029E  89 06			MOV		[esi],eax

 000002A0  8B 75 18			MOV		esi,[ebp+24]
 000002A3  8B 06			MOV		eax,[esi]
 000002A5  50				PUSH	eax
 000002A6  E8 00000033			CALL	factorial
 000002AB  8B 75 0C			MOV		esi,[ebp+12]
 000002AE  89 06			MOV		[esi],eax

 000002B0  8B 75 20			MOV		esi,[ebp+32]
 000002B3  8B 06			MOV		eax,[esi]
 000002B5  50				PUSH	eax
 000002B6  E8 00000023			CALL	factorial
 000002BB  8B 75 08			MOV		esi,[ebp+8]
 000002BE  89 06			MOV		[esi],eax
					;bottom
 000002C0  8B 75 08			MOV		esi, [ebp+8]
 000002C3  8B 06			MOV		eax,[esi]
 000002C5  8B 75 0C			MOV		esi, [ebp+12]
 000002C8  8B 1E			MOV		ebx,[esi]
 000002CA  F7 E3			mul		ebx
 000002CC  8B D8			MOV		ebx, eax
					;top
 000002CE  8B 75 10			MOV		esi,[ebp+16]
 000002D1  8B 06			MOV		eax,[esi]
 000002D3  F7 F3			div		ebx
 000002D5  8B 75 1C			MOV		esi,[ebp+28]
 000002D8  89 06			mov		[esi],eax
 000002DA  5D				pop		ebp
 000002DB  C2 001C			ret 28
 000002DE			combinations ENDP

				;calculates the factorial
				;takes in the address of the factorial and the number to factor
				;+8 number to factor
 000002DE			factorial PROC
 000002DE  55				PUSH	ebp
 000002DF  8B EC			MOV		ebp, esp
 000002E1  8B 45 08			MOV		eax, [ebp+8]
 000002E4  83 F8 00			cmp		eax, 0
 000002E7  7F 07			JG		recursive
					;0! and 1! == 1, which is the initial value I set for the variable.
 000002E9  B8 00000001			MOV		eax, 1
 000002EE  EB 0C			JMP		TheEnd

 000002F0			Recursive:
 000002F0  48				DEC		eax
 000002F1  50				PUSH	eax
 000002F2  E8 FFFFFFE7			CALL	Factorial

 000002F7  8B 5D 08			MOV		ebx,[ebp+8]
 000002FA  F7 E3			MUL		ebx

 000002FC			TheEnd:
 000002FC  5D				pop		ebp
 000002FD  C2 0004			ret		4
 00000300			factorial ENDP

				; display the student’s answer, the calculated result, and a brief statement about the student’s performance
				;accepts the values of n, r, answer, and result.
				;accepts the values of n, r, answer, and result.
				;	+28	numElements
				;	+24	numchoices
				;	+20	responseNum
				;	+16	result
				;	+12	offset correct
				;	+8	offset incorrect
 00000300			showResults PROC
 00000300  55				push	ebp
 00000301  8B EC			MOV		ebp, esp
 00000303  E8 00000000 E		Call	crlf
					mWriteString answer1
 00000308  52		     1		push	edx
 00000309  BA 00000161 R     1		mov		edx, offset answer1
 0000030E  E8 00000000 E     1		call	writeString
 00000313  5A		     1		pop		edx
 00000314  8B 45 10			MOV		eax,[ebp+16]
 00000317  E8 00000000 E		CALL	writeDec
					mWriteString answer2
 0000031C  52		     1		push	edx
 0000031D  BA 0000016C R     1		mov		edx, offset answer2
 00000322  E8 00000000 E     1		call	writeString
 00000327  5A		     1		pop		edx
 00000328  8B 45 18			MOV		eax,[ebp+24]
 0000032B  E8 00000000 E		CALL	writeDec
					mWriteString answer3
 00000330  52		     1		push	edx
 00000331  BA 0000017E R     1		mov		edx, offset answer3
 00000336  E8 00000000 E     1		call	writeString
 0000033B  5A		     1		pop		edx
 0000033C  8B 45 1C			MOV		eax,[ebp+28]
 0000033F  E8 00000000 E		CALL	writeDec
					mWriteString answer4
 00000344  52		     1		push	edx
 00000345  BA 00000194 R     1		mov		edx, offset answer4
 0000034A  E8 00000000 E     1		call	writeString
 0000034F  5A		     1		pop		edx
 00000350  E8 00000000 E		CALL	crlf
 00000355  8B 45 14			MOV		eax,[ebp+20]
 00000358  8B D8			MOV		ebx,eax
 0000035A  3B 45 10			cmp		eax,[ebp+16]
 0000035D  75 16			JNE		wrong

 0000035F  8B 75 0C			MOV		esi,[ebp+12]
 00000362  8B 06			MOV		eax, [esi]
 00000364  40				INC		eax
 00000365  89 06			MOV		[esi],eax
					mWriteString pass
 00000367  52		     1		push	edx
 00000368  BA 000001C2 R     1		mov		edx, offset pass
 0000036D  E8 00000000 E     1		call	writeString
 00000372  5A		     1		pop		edx
 00000373  EB 14			JMP		finished
 00000375			wrong:
 00000375  8B 75 08			MOV		esi,[ebp+8]
 00000378  8B 06			MOV		eax, [esi]
 0000037A  40				INC		eax
 0000037B  89 06			MOV		[esi],eax
					mWriteString fail
 0000037D  52		     1		push	edx
 0000037E  BA 00000196 R     1		mov		edx, offset fail
 00000383  E8 00000000 E     1		call	writeString
 00000388  5A		     1		pop		edx
 00000389			finished:
 00000389  8B C3			MOV		eax,ebx
 0000038B  E8 00000000 E		Call	writeDec
 00000390  E8 00000000 E		CALL	crlf
 00000395  5D				pop		ebp
 00000396  C2 0010			ret		16
 00000399			showResults ENDP
				; (insert additional procedures here)

				END main
Microsoft (R) Macro Assembler Version 14.00.24210.0	    03/16/17 17:17:02
3Combinations Tester     (Project6_Dunham_Ethan.asm	     Symbols 2 - 1




Macros:

                N a m e                 Type

mWriteDec  . . . . . . . . . . .	Proc
mWriteString . . . . . . . . . .	Proc


Structures and Unions:

                N a m e                  Size
                                         Offset      Type

CONSOLE_CURSOR_INFO  . . . . . .	 00000008
  dwSize . . . . . . . . . . . .	 00000000	 DWord
  bVisible . . . . . . . . . . .	 00000004	 DWord
CONSOLE_SCREEN_BUFFER_INFO . . .	 00000016
  dwSize . . . . . . . . . . . .	 00000000	 DWord
  dwCursorPosition . . . . . . .	 00000004	 DWord
  wAttributes  . . . . . . . . .	 00000008	 Word
  srWindow . . . . . . . . . . .	 0000000A	 QWord
  dwMaximumWindowSize  . . . . .	 00000012	 DWord
COORD  . . . . . . . . . . . . .	 00000004
  X  . . . . . . . . . . . . . .	 00000000	 Word
  Y  . . . . . . . . . . . . . .	 00000002	 Word
FILETIME . . . . . . . . . . . .	 00000008
  loDateTime . . . . . . . . . .	 00000000	 DWord
  hiDateTime . . . . . . . . . .	 00000004	 DWord
FOCUS_EVENT_RECORD . . . . . . .	 00000004
  bSetFocus  . . . . . . . . . .	 00000000	 DWord
FPU_ENVIRON  . . . . . . . . . .	 0000001C
  controlWord  . . . . . . . . .	 00000000	 Word
  statusWord . . . . . . . . . .	 00000004	 Word
  tagWord  . . . . . . . . . . .	 00000008	 Word
  instrPointerOffset . . . . . .	 0000000C	 DWord
  instrPointerSelector . . . . .	 00000010	 DWord
  operandPointerOffset . . . . .	 00000014	 DWord
  operandPointerSelector . . . .	 00000018	 Word
INPUT_RECORD . . . . . . . . . .	 00000014
  EventType  . . . . . . . . . .	 00000000	 Word
  Event  . . . . . . . . . . . .	 00000004	 XmmWord
  bKeyDown . . . . . . . . . . .	 00000000	 DWord
  wRepeatCount . . . . . . . . .	 00000004	 Word
  wVirtualKeyCode  . . . . . . .	 00000006	 Word
  wVirtualScanCode . . . . . . .	 00000008	 Word
  uChar  . . . . . . . . . . . .	 0000000A	 Word
  UnicodeChar  . . . . . . . . .	 00000000	 Word
  AsciiChar  . . . . . . . . . .	 00000000	 Byte
  dwControlKeyState  . . . . . .	 0000000C	 DWord
  dwMousePosition  . . . . . . .	 00000000	 DWord
  dwButtonState  . . . . . . . .	 00000004	 DWord
  dwMouseControlKeyState . . . .	 00000008	 DWord
  dwEventFlags . . . . . . . . .	 0000000C	 DWord
  dwSize . . . . . . . . . . . .	 00000000	 DWord
  dwCommandId  . . . . . . . . .	 00000000	 DWord
  bSetFocus  . . . . . . . . . .	 00000000	 DWord
KEY_EVENT_RECORD . . . . . . . .	 00000010
  bKeyDown . . . . . . . . . . .	 00000000	 DWord
  wRepeatCount . . . . . . . . .	 00000004	 Word
  wVirtualKeyCode  . . . . . . .	 00000006	 Word
  wVirtualScanCode . . . . . . .	 00000008	 Word
  uChar  . . . . . . . . . . . .	 0000000A	 Word
  UnicodeChar  . . . . . . . . .	 00000000	 Word
  AsciiChar  . . . . . . . . . .	 00000000	 Byte
  dwControlKeyState  . . . . . .	 0000000C	 DWord
MENU_EVENT_RECORD  . . . . . . .	 00000004
  dwCommandId  . . . . . . . . .	 00000000	 DWord
MOUSE_EVENT_RECORD . . . . . . .	 00000010
  dwMousePosition  . . . . . . .	 00000000	 DWord
  dwButtonState  . . . . . . . .	 00000004	 DWord
  dwMouseControlKeyState . . . .	 00000008	 DWord
  dwEventFlags . . . . . . . . .	 0000000C	 DWord
SMALL_RECT . . . . . . . . . . .	 00000008
  Left . . . . . . . . . . . . .	 00000000	 Word
  Top  . . . . . . . . . . . . .	 00000002	 Word
  Right  . . . . . . . . . . . .	 00000004	 Word
  Bottom . . . . . . . . . . . .	 00000006	 Word
SYSTEMTIME . . . . . . . . . . .	 00000010
  wYear  . . . . . . . . . . . .	 00000000	 Word
  wMonth . . . . . . . . . . . .	 00000002	 Word
  wDayOfWeek . . . . . . . . . .	 00000004	 Word
  wDay . . . . . . . . . . . . .	 00000006	 Word
  wHour  . . . . . . . . . . . .	 00000008	 Word
  wMinute  . . . . . . . . . . .	 0000000A	 Word
  wSecond  . . . . . . . . . . .	 0000000C	 Word
  wMilliseconds  . . . . . . . .	 0000000E	 Word
WINDOW_BUFFER_SIZE_RECORD  . . .	 00000004
  dwSize . . . . . . . . . . . .	 00000000	 DWord


Segments and Groups:

                N a m e                 Size     Length   Align   Combine Class

FLAT . . . . . . . . . . . . . .	GROUP
STACK  . . . . . . . . . . . . .	32 Bit	 00001000 Para	  Stack	  'STACK'	 
_DATA  . . . . . . . . . . . . .	32 Bit	 0000026B Para	  Public  'DATA'	
_TEXT  . . . . . . . . . . . . .	32 Bit	 00000399 Para	  Public  'CODE'	


Procedures, parameters, and locals:

                N a m e                 Type     Value    Attr

CloseFile  . . . . . . . . . . .	P Near	 00000000 FLAT	Length= 00000000 External STDCALL
CloseHandle  . . . . . . . . . .	P Near	 00000000 FLAT	Length= 00000000 External STDCALL
Clrscr . . . . . . . . . . . . .	P Near	 00000000 FLAT	Length= 00000000 External STDCALL
CreateFileA  . . . . . . . . . .	P Near	 00000000 FLAT	Length= 00000000 External STDCALL
CreateOutputFile . . . . . . . .	P Near	 00000000 FLAT	Length= 00000000 External STDCALL
Crlf . . . . . . . . . . . . . .	P Near	 00000000 FLAT	Length= 00000000 External STDCALL
Delay  . . . . . . . . . . . . .	P Near	 00000000 FLAT	Length= 00000000 External STDCALL
DumpMem  . . . . . . . . . . . .	P Near	 00000000 FLAT	Length= 00000000 External STDCALL
DumpRegs . . . . . . . . . . . .	P Near	 00000000 FLAT	Length= 00000000 External STDCALL
ExitProcess  . . . . . . . . . .	P Near	 00000000 FLAT	Length= 00000000 External STDCALL
FileTimeToDosDateTime  . . . . .	P Near	 00000000 FLAT	Length= 00000000 External STDCALL
FileTimeToSystemTime . . . . . .	P Near	 00000000 FLAT	Length= 00000000 External STDCALL
FlushConsoleInputBuffer  . . . .	P Near	 00000000 FLAT	Length= 00000000 External STDCALL
FormatMessageA . . . . . . . . .	P Near	 00000000 FLAT	Length= 00000000 External STDCALL
GetCommandLineA  . . . . . . . .	P Near	 00000000 FLAT	Length= 00000000 External STDCALL
GetCommandTail . . . . . . . . .	P Near	 00000000 FLAT	Length= 00000000 External STDCALL
GetConsoleCP . . . . . . . . . .	P Near	 00000000 FLAT	Length= 00000000 External STDCALL
GetConsoleCursorInfo . . . . . .	P Near	 00000000 FLAT	Length= 00000000 External STDCALL
GetConsoleMode . . . . . . . . .	P Near	 00000000 FLAT	Length= 00000000 External STDCALL
GetConsoleScreenBufferInfo . . .	P Near	 00000000 FLAT	Length= 00000000 External STDCALL
GetDateTime  . . . . . . . . . .	P Near	 00000000 FLAT	Length= 00000000 External STDCALL
GetFileTime  . . . . . . . . . .	P Near	 00000000 FLAT	Length= 00000000 External STDCALL
GetKeyState  . . . . . . . . . .	P Near	 00000000 FLAT	Length= 00000000 External STDCALL
GetLastError . . . . . . . . . .	P Near	 00000000 FLAT	Length= 00000000 External STDCALL
GetLocalTime . . . . . . . . . .	P Near	 00000000 FLAT	Length= 00000000 External STDCALL
GetMaxXY . . . . . . . . . . . .	P Near	 00000000 FLAT	Length= 00000000 External STDCALL
GetMseconds  . . . . . . . . . .	P Near	 00000000 FLAT	Length= 00000000 External STDCALL
GetNumberOfConsoleInputEvents  .	P Near	 00000000 FLAT	Length= 00000000 External STDCALL
GetProcessHeap . . . . . . . . .	P Near	 00000000 FLAT	Length= 00000000 External STDCALL
GetStdHandle . . . . . . . . . .	P Near	 00000000 FLAT	Length= 00000000 External STDCALL
GetSystemTime  . . . . . . . . .	P Near	 00000000 FLAT	Length= 00000000 External STDCALL
GetTextColor . . . . . . . . . .	P Near	 00000000 FLAT	Length= 00000000 External STDCALL
GetTickCount . . . . . . . . . .	P Near	 00000000 FLAT	Length= 00000000 External STDCALL
Gotoxy . . . . . . . . . . . . .	P Near	 00000000 FLAT	Length= 00000000 External STDCALL
HeapAlloc  . . . . . . . . . . .	P Near	 00000000 FLAT	Length= 00000000 External STDCALL
HeapCreate . . . . . . . . . . .	P Near	 00000000 FLAT	Length= 00000000 External STDCALL
HeapDestroy  . . . . . . . . . .	P Near	 00000000 FLAT	Length= 00000000 External STDCALL
HeapFree . . . . . . . . . . . .	P Near	 00000000 FLAT	Length= 00000000 External STDCALL
HeapSize . . . . . . . . . . . .	P Near	 00000000 FLAT	Length= 00000000 External STDCALL
IsDigit  . . . . . . . . . . . .	P Near	 00000000 FLAT	Length= 00000000 External STDCALL
LocalFree  . . . . . . . . . . .	P Near	 00000000 FLAT	Length= 00000000 External STDCALL
MessageBoxA  . . . . . . . . . .	P Near	 00000000 FLAT	Length= 00000000 External STDCALL
MsgBoxAsk  . . . . . . . . . . .	P Near	 00000000 FLAT	Length= 00000000 External STDCALL
MsgBox . . . . . . . . . . . . .	P Near	 00000000 FLAT	Length= 00000000 External STDCALL
OpenInputFile  . . . . . . . . .	P Near	 00000000 FLAT	Length= 00000000 External STDCALL
ParseDecimal32 . . . . . . . . .	P Near	 00000000 FLAT	Length= 00000000 External STDCALL
ParseInteger32 . . . . . . . . .	P Near	 00000000 FLAT	Length= 00000000 External STDCALL
PeekConsoleInputA  . . . . . . .	P Near	 00000000 FLAT	Length= 00000000 External STDCALL
Random32 . . . . . . . . . . . .	P Near	 00000000 FLAT	Length= 00000000 External STDCALL
RandomRange  . . . . . . . . . .	P Near	 00000000 FLAT	Length= 00000000 External STDCALL
Randomize  . . . . . . . . . . .	P Near	 00000000 FLAT	Length= 00000000 External STDCALL
ReadChar . . . . . . . . . . . .	P Near	 00000000 FLAT	Length= 00000000 External STDCALL
ReadConsoleA . . . . . . . . . .	P Near	 00000000 FLAT	Length= 00000000 External STDCALL
ReadConsoleInputA  . . . . . . .	P Near	 00000000 FLAT	Length= 00000000 External STDCALL
ReadDec  . . . . . . . . . . . .	P Near	 00000000 FLAT	Length= 00000000 External STDCALL
ReadFile . . . . . . . . . . . .	P Near	 00000000 FLAT	Length= 00000000 External STDCALL
ReadFloat  . . . . . . . . . . .	P Near	 00000000 FLAT	Length= 00000000 External STDCALL
ReadFromFile . . . . . . . . . .	P Near	 00000000 FLAT	Length= 00000000 External STDCALL
ReadHex  . . . . . . . . . . . .	P Near	 00000000 FLAT	Length= 00000000 External STDCALL
ReadInt  . . . . . . . . . . . .	P Near	 00000000 FLAT	Length= 00000000 External STDCALL
ReadKeyFlush . . . . . . . . . .	P Near	 00000000 FLAT	Length= 00000000 External STDCALL
ReadKey  . . . . . . . . . . . .	P Near	 00000000 FLAT	Length= 00000000 External STDCALL
ReadString . . . . . . . . . . .	P Near	 00000000 FLAT	Length= 00000000 External STDCALL
SetConsoleCursorInfo . . . . . .	P Near	 00000000 FLAT	Length= 00000000 External STDCALL
SetConsoleCursorPosition . . . .	P Near	 00000000 FLAT	Length= 00000000 External STDCALL
SetConsoleMode . . . . . . . . .	P Near	 00000000 FLAT	Length= 00000000 External STDCALL
SetConsoleScreenBufferSize . . .	P Near	 00000000 FLAT	Length= 00000000 External STDCALL
SetConsoleTextAttribute  . . . .	P Near	 00000000 FLAT	Length= 00000000 External STDCALL
SetConsoleTitleA . . . . . . . .	P Near	 00000000 FLAT	Length= 00000000 External STDCALL
SetConsoleWindowInfo . . . . . .	P Near	 00000000 FLAT	Length= 00000000 External STDCALL
SetFilePointer . . . . . . . . .	P Near	 00000000 FLAT	Length= 00000000 External STDCALL
SetLocalTime . . . . . . . . . .	P Near	 00000000 FLAT	Length= 00000000 External STDCALL
SetTextColor . . . . . . . . . .	P Near	 00000000 FLAT	Length= 00000000 External STDCALL
ShowFPUStack . . . . . . . . . .	P Near	 00000000 FLAT	Length= 00000000 External STDCALL
Sleep  . . . . . . . . . . . . .	P Near	 00000000 FLAT	Length= 00000000 External STDCALL
StrLength  . . . . . . . . . . .	P Near	 00000000 FLAT	Length= 00000000 External STDCALL
Str_compare  . . . . . . . . . .	P Near	 00000000 FLAT	Length= 00000000 External STDCALL
Str_copy . . . . . . . . . . . .	P Near	 00000000 FLAT	Length= 00000000 External STDCALL
Str_length . . . . . . . . . . .	P Near	 00000000 FLAT	Length= 00000000 External STDCALL
Str_trim . . . . . . . . . . . .	P Near	 00000000 FLAT	Length= 00000000 External STDCALL
Str_ucase  . . . . . . . . . . .	P Near	 00000000 FLAT	Length= 00000000 External STDCALL
SystemTimeToFileTime . . . . . .	P Near	 00000000 FLAT	Length= 00000000 External STDCALL
WaitMsg  . . . . . . . . . . . .	P Near	 00000000 FLAT	Length= 00000000 External STDCALL
WriteBinB  . . . . . . . . . . .	P Near	 00000000 FLAT	Length= 00000000 External STDCALL
WriteBin . . . . . . . . . . . .	P Near	 00000000 FLAT	Length= 00000000 External STDCALL
WriteChar  . . . . . . . . . . .	P Near	 00000000 FLAT	Length= 00000000 External STDCALL
WriteConsoleA  . . . . . . . . .	P Near	 00000000 FLAT	Length= 00000000 External STDCALL
WriteConsoleOutputAttribute  . .	P Near	 00000000 FLAT	Length= 00000000 External STDCALL
WriteConsoleOutputCharacterA . .	P Near	 00000000 FLAT	Length= 00000000 External STDCALL
WriteDec . . . . . . . . . . . .	P Near	 00000000 FLAT	Length= 00000000 External STDCALL
WriteFile  . . . . . . . . . . .	P Near	 00000000 FLAT	Length= 00000000 External STDCALL
WriteFloat . . . . . . . . . . .	P Near	 00000000 FLAT	Length= 00000000 External STDCALL
WriteHexB  . . . . . . . . . . .	P Near	 00000000 FLAT	Length= 00000000 External STDCALL
WriteHex . . . . . . . . . . . .	P Near	 00000000 FLAT	Length= 00000000 External STDCALL
WriteInt . . . . . . . . . . . .	P Near	 00000000 FLAT	Length= 00000000 External STDCALL
WriteStackFrameName  . . . . . .	P Near	 00000000 FLAT	Length= 00000000 External STDCALL
WriteStackFrame  . . . . . . . .	P Near	 00000000 FLAT	Length= 00000000 External STDCALL
WriteString  . . . . . . . . . .	P Near	 00000000 FLAT	Length= 00000000 External STDCALL
WriteToFile  . . . . . . . . . .	P Near	 00000000 FLAT	Length= 00000000 External STDCALL
WriteWindowsMsg  . . . . . . . .	P Near	 00000000 FLAT	Length= 00000000 External STDCALL
combinations . . . . . . . . . .	P Near	 0000028D _TEXT	Length= 00000051 Public STDCALL
factorial  . . . . . . . . . . .	P Near	 000002DE _TEXT	Length= 00000022 Public STDCALL
  Recursive  . . . . . . . . . .	L Near	 000002F0 _TEXT	
  TheEnd . . . . . . . . . . . .	L Near	 000002FC _TEXT	
getData  . . . . . . . . . . . .	P Near	 0000021C _TEXT	Length= 00000071 Public STDCALL
  L1 . . . . . . . . . . . . . .	L Near	 00000221 _TEXT	
  L2 . . . . . . . . . . . . . .	L Near	 0000023C _TEXT	
  L3 . . . . . . . . . . . . . .	L Near	 00000265 _TEXT	
introduction . . . . . . . . . .	P Near	 000001A5 _TEXT	Length= 0000004A Public STDCALL
main . . . . . . . . . . . . . .	P Near	 00000000 _TEXT	Length= 000001A5 Public STDCALL
  DoAgain  . . . . . . . . . . .	L Near	 0000000C _TEXT	
  Start  . . . . . . . . . . . .	L Near	 00000036 _TEXT	
  verify . . . . . . . . . . . .	L Near	 00000104 _TEXT	
  Finish . . . . . . . . . . . .	L Near	 0000014E _TEXT	
printf . . . . . . . . . . . . .	P Near	 00000000 FLAT	Length= 00000000 External C
scanf  . . . . . . . . . . . . .	P Near	 00000000 FLAT	Length= 00000000 External C
showProblem  . . . . . . . . . .	P Near	 000001EF _TEXT	Length= 0000002D Public STDCALL
showResults  . . . . . . . . . .	P Near	 00000300 _TEXT	Length= 00000099 Public STDCALL
  wrong  . . . . . . . . . . . .	L Near	 00000375 _TEXT	
  finished . . . . . . . . . . .	L Near	 00000389 _TEXT	
wsprintfA  . . . . . . . . . . .	P Near	 00000000 FLAT	Length= 00000000 External C


Symbols:

                N a m e                 Type     Value    Attr

@CodeSize  . . . . . . . . . . .	Number	 00000000h   
@DataSize  . . . . . . . . . . .	Number	 00000000h   
@Interface . . . . . . . . . . .	Number	 00000003h   
@Model . . . . . . . . . . . . .	Number	 00000007h   
@code  . . . . . . . . . . . . .	Text   	 _TEXT
@data  . . . . . . . . . . . . .	Text   	 FLAT
@fardata?  . . . . . . . . . . .	Text   	 FLAT
@fardata . . . . . . . . . . . .	Text   	 FLAT
@stack . . . . . . . . . . . . .	Text   	 FLAT
ALT_MASK . . . . . . . . . . . .	Number	 00000003h   
CAPSLOCK_ON  . . . . . . . . . .	Number	 00000080h   
CREATE_ALWAYS  . . . . . . . . .	Number	 00000002h   
CREATE_NEW . . . . . . . . . . .	Number	 00000001h   
CTRL_MASK  . . . . . . . . . . .	Number	 0000000Ch   
CreateFile . . . . . . . . . . .	Text   	 CreateFileA
DO_NOT_SHARE . . . . . . . . . .	Number	 00000000h   
DoOver . . . . . . . . . . . . .	Byte	 00000233 _DATA	
ENABLE_ECHO_INPUT  . . . . . . .	Number	 00000004h   
ENABLE_LINE_INPUT  . . . . . . .	Number	 00000002h   
ENABLE_MOUSE_INPUT . . . . . . .	Number	 00000010h   
ENABLE_PROCESSED_INPUT . . . . .	Number	 00000001h   
ENABLE_PROCESSED_OUTPUT  . . . .	Number	 00000001h   
ENABLE_WINDOW_INPUT  . . . . . .	Number	 00000008h   
ENABLE_WRAP_AT_EOL_OUTPUT  . . .	Number	 00000002h   
ENHANCED_KEY . . . . . . . . . .	Number	 00000100h   
FALSE  . . . . . . . . . . . . .	Number	 00000000h   
FILE_APPEND_DATA . . . . . . . .	Number	 00000004h   
FILE_ATTRIBUTE_ARCHIVE . . . . .	Number	 00000020h   
FILE_ATTRIBUTE_COMPRESSED  . . .	Number	 00000800h   
FILE_ATTRIBUTE_DEVICE  . . . . .	Number	 00000040h   
FILE_ATTRIBUTE_DIRECTORY . . . .	Number	 00000010h   
FILE_ATTRIBUTE_ENCRYPTED . . . .	Number	 00004000h   
FILE_ATTRIBUTE_HIDDEN  . . . . .	Number	 00000002h   
FILE_ATTRIBUTE_NORMAL  . . . . .	Number	 00000080h   
FILE_ATTRIBUTE_NOT_CONTENT_INDEXED .	Number	 00002000h   
FILE_ATTRIBUTE_OFFLINE . . . . .	Number	 00001000h   
FILE_ATTRIBUTE_READONLY  . . . .	Number	 00000001h   
FILE_ATTRIBUTE_REPARSE_POINT . .	Number	 00000400h   
FILE_ATTRIBUTE_SPARSE_FILE . . .	Number	 00000200h   
FILE_ATTRIBUTE_SYSTEM  . . . . .	Number	 00000004h   
FILE_ATTRIBUTE_TEMPORARY . . . .	Number	 00000100h   
FILE_BEGIN . . . . . . . . . . .	Number	 00000000h   
FILE_CURRENT . . . . . . . . . .	Number	 00000001h   
FILE_DELETE_CHILD  . . . . . . .	Number	 00000040h   
FILE_END . . . . . . . . . . . .	Number	 00000002h   
FILE_READ_DATA . . . . . . . . .	Number	 00000001h   
FILE_SHARE_DELETE  . . . . . . .	Number	 00000004h   
FILE_SHARE_READ  . . . . . . . .	Number	 00000001h   
FILE_SHARE_WRITE . . . . . . . .	Number	 00000002h   
FILE_WRITE_DATA  . . . . . . . .	Number	 00000002h   
FOCUS_EVENT  . . . . . . . . . .	Number	 00000010h   
FORMAT_MESSAGE_ALLOCATE_BUFFER .	Number	 00000100h   
FORMAT_MESSAGE_FROM_SYSTEM . . .	Number	 00001000h   
FormatMessage  . . . . . . . . .	Text   	 FormatMessageA
GENERIC_ALL  . . . . . . . . . .	Number	 10000000h   
GENERIC_EXECUTE  . . . . . . . .	Number	 20000000h   
GENERIC_READ . . . . . . . . . .	Number	 -80000000h   
GENERIC_WRITE  . . . . . . . . .	Number	 40000000h   
GetCommandLine . . . . . . . . .	Text   	 GetCommandLineA
HANDLE . . . . . . . . . . . . .	Text   	 DWORD
HEAP_GENERATE_EXCEPTIONS . . . .	Number	 00000004h   
HEAP_GROWABLE  . . . . . . . . .	Number	 00000002h   
HEAP_NO_SERIALIZE  . . . . . . .	Number	 00000001h   
HEAP_REALLOC_IN_PLACE_ONLY . . .	Number	 00000010h   
HEAP_ZERO_MEMORY . . . . . . . .	Number	 00000008h   
IDABORT  . . . . . . . . . . . .	Number	 00000003h   
IDCANCEL . . . . . . . . . . . .	Number	 00000002h   
IDCLOSE  . . . . . . . . . . . .	Number	 00000008h   
IDCONTINUE . . . . . . . . . . .	Number	 0000000Bh   
IDHELP . . . . . . . . . . . . .	Number	 00000009h   
IDIGNORE . . . . . . . . . . . .	Number	 00000005h   
IDNO . . . . . . . . . . . . . .	Number	 00000007h   
IDOK . . . . . . . . . . . . . .	Number	 00000001h   
IDRETRY  . . . . . . . . . . . .	Number	 00000004h   
IDTIMEOUT  . . . . . . . . . . .	Number	 00007D00h   
IDTRYAGAIN . . . . . . . . . . .	Number	 0000000Ah   
IDYES  . . . . . . . . . . . . .	Number	 00000006h   
INVALID_HANDLE_VALUE . . . . . .	Number	 -00000001h   
KBDOWN_FLAG  . . . . . . . . . .	Number	 00000001h   
KEY_EVENT  . . . . . . . . . . .	Number	 00000001h   
KEY_MASKS  . . . . . . . . . . .	Number	 0000001Fh   
LEFT_ALT_PRESSED . . . . . . . .	Number	 00000002h   
LEFT_CTRL_PRESSED  . . . . . . .	Number	 00000008h   
MB_ABORTRETRYIGNORE  . . . . . .	Number	 00000002h   
MB_APPLMODAL . . . . . . . . . .	Number	 00000000h   
MB_CANCELTRYCONTINUE . . . . . .	Number	 00000006h   
MB_DEFBUTTON1  . . . . . . . . .	Number	 00000000h   
MB_DEFBUTTON2  . . . . . . . . .	Number	 00000100h   
MB_DEFBUTTON3  . . . . . . . . .	Number	 00000200h   
MB_DEFBUTTON4  . . . . . . . . .	Number	 00000300h   
MB_HELP  . . . . . . . . . . . .	Number	 00004000h   
MB_ICONASTERISK  . . . . . . . .	Number	 00000040h   
MB_ICONERROR . . . . . . . . . .	Number	 00000010h   
MB_ICONEXCLAMATION . . . . . . .	Number	 00000030h   
MB_ICONHAND  . . . . . . . . . .	Number	 00000010h   
MB_ICONINFORMATION . . . . . . .	Number	 00000040h   
MB_ICONQUESTION  . . . . . . . .	Number	 00000020h   
MB_ICONSTOP  . . . . . . . . . .	Number	 00000010h   
MB_ICONWARNING . . . . . . . . .	Number	 00000030h   
MB_OKCANCEL  . . . . . . . . . .	Number	 00000001h   
MB_OK  . . . . . . . . . . . . .	Number	 00000000h   
MB_RETRYCANCEL . . . . . . . . .	Number	 00000005h   
MB_SYSTEMMODAL . . . . . . . . .	Number	 00001000h   
MB_TASKMODAL . . . . . . . . . .	Number	 00002000h   
MB_USERICON  . . . . . . . . . .	Number	 00000080h   
MB_YESNOCANCEL . . . . . . . . .	Number	 00000003h   
MB_YESNO . . . . . . . . . . . .	Number	 00000004h   
MENU_EVENT . . . . . . . . . . .	Number	 00000008h   
MOUSE_EVENT  . . . . . . . . . .	Number	 00000002h   
MessageBox . . . . . . . . . . .	Text   	 MessageBoxA
NULL . . . . . . . . . . . . . .	Number	 00000000h   
NUMLOCK_ON . . . . . . . . . . .	Number	 00000020h   
OPEN_ALWAYS  . . . . . . . . . .	Number	 00000004h   
OPEN_EXISTING  . . . . . . . . .	Number	 00000003h   
PeekConsoleInput . . . . . . . .	Text   	 PeekConsoleInputA
RIGHT_ALT_PRESSED  . . . . . . .	Number	 00000001h   
RIGHT_CTRL_PRESSED . . . . . . .	Number	 00000004h   
ReadConsoleInput . . . . . . . .	Text   	 ReadConsoleInputA
ReadConsole  . . . . . . . . . .	Text   	 ReadConsoleA
SCROLLLOCK_ON  . . . . . . . . .	Number	 00000040h   
SHIFT_MASK . . . . . . . . . . .	Number	 00000010h   
SHIFT_PRESSED  . . . . . . . . .	Number	 00000010h   
STD_ERROR_HANDLE . . . . . . . .	Number	 -0000000Ch   
STD_INPUT_HANDLE . . . . . . . .	Number	 -0000000Ah   
STD_OUTPUT_HANDLE  . . . . . . .	Number	 -0000000Bh   
SetConsoleTitle  . . . . . . . .	Text   	 SetConsoleTitleA
TAB  . . . . . . . . . . . . . .	Number	 00000009h   
TRUE . . . . . . . . . . . . . .	Number	 00000001h   
TRUNCATE_EXISTING  . . . . . . .	Number	 00000005h   
VK_11  . . . . . . . . . . . . .	Number	 000000BDh   
VK_12  . . . . . . . . . . . . .	Number	 000000BBh   
VK_ADD . . . . . . . . . . . . .	Number	 0000006Bh   
VK_BACK  . . . . . . . . . . . .	Number	 00000008h   
VK_CANCEL  . . . . . . . . . . .	Number	 00000003h   
VK_CAPITAL . . . . . . . . . . .	Number	 00000014h   
VK_CLEAR . . . . . . . . . . . .	Number	 0000000Ch   
VK_CONTROL . . . . . . . . . . .	Number	 00000011h   
VK_DECIMAL . . . . . . . . . . .	Number	 0000006Eh   
VK_DELETE  . . . . . . . . . . .	Number	 0000002Eh   
VK_DIVIDE  . . . . . . . . . . .	Number	 0000006Fh   
VK_DOWN  . . . . . . . . . . . .	Number	 00000028h   
VK_END . . . . . . . . . . . . .	Number	 00000023h   
VK_ESCAPE  . . . . . . . . . . .	Number	 0000001Bh   
VK_EXECUTE . . . . . . . . . . .	Number	 0000002Bh   
VK_F10 . . . . . . . . . . . . .	Number	 00000079h   
VK_F11 . . . . . . . . . . . . .	Number	 0000007Ah   
VK_F12 . . . . . . . . . . . . .	Number	 0000007Bh   
VK_F13 . . . . . . . . . . . . .	Number	 0000007Ch   
VK_F14 . . . . . . . . . . . . .	Number	 0000007Dh   
VK_F15 . . . . . . . . . . . . .	Number	 0000007Eh   
VK_F16 . . . . . . . . . . . . .	Number	 0000007Fh   
VK_F17 . . . . . . . . . . . . .	Number	 00000080h   
VK_F18 . . . . . . . . . . . . .	Number	 00000081h   
VK_F19 . . . . . . . . . . . . .	Number	 00000082h   
VK_F1  . . . . . . . . . . . . .	Number	 00000070h   
VK_F20 . . . . . . . . . . . . .	Number	 00000083h   
VK_F21 . . . . . . . . . . . . .	Number	 00000084h   
VK_F22 . . . . . . . . . . . . .	Number	 00000085h   
VK_F23 . . . . . . . . . . . . .	Number	 00000086h   
VK_F24 . . . . . . . . . . . . .	Number	 00000087h   
VK_F2  . . . . . . . . . . . . .	Number	 00000071h   
VK_F3  . . . . . . . . . . . . .	Number	 00000072h   
VK_F4  . . . . . . . . . . . . .	Number	 00000073h   
VK_F5  . . . . . . . . . . . . .	Number	 00000074h   
VK_F6  . . . . . . . . . . . . .	Number	 00000075h   
VK_F7  . . . . . . . . . . . . .	Number	 00000076h   
VK_F8  . . . . . . . . . . . . .	Number	 00000077h   
VK_F9  . . . . . . . . . . . . .	Number	 00000078h   
VK_HELP  . . . . . . . . . . . .	Number	 0000002Fh   
VK_HOME  . . . . . . . . . . . .	Number	 00000024h   
VK_INSERT  . . . . . . . . . . .	Number	 0000002Dh   
VK_LBUTTON . . . . . . . . . . .	Number	 00000001h   
VK_LCONTROL  . . . . . . . . . .	Number	 000000A2h   
VK_LEFT  . . . . . . . . . . . .	Number	 00000025h   
VK_LMENU . . . . . . . . . . . .	Number	 000000A4h   
VK_LSHIFT  . . . . . . . . . . .	Number	 000000A0h   
VK_MENU  . . . . . . . . . . . .	Number	 00000012h   
VK_MULTIPLY  . . . . . . . . . .	Number	 0000006Ah   
VK_NEXT  . . . . . . . . . . . .	Number	 00000022h   
VK_NUMLOCK . . . . . . . . . . .	Number	 00000090h   
VK_NUMPAD0 . . . . . . . . . . .	Number	 00000060h   
VK_NUMPAD1 . . . . . . . . . . .	Number	 00000061h   
VK_NUMPAD2 . . . . . . . . . . .	Number	 00000062h   
VK_NUMPAD3 . . . . . . . . . . .	Number	 00000063h   
VK_NUMPAD4 . . . . . . . . . . .	Number	 00000064h   
VK_NUMPAD5 . . . . . . . . . . .	Number	 00000065h   
VK_NUMPAD6 . . . . . . . . . . .	Number	 00000066h   
VK_NUMPAD7 . . . . . . . . . . .	Number	 00000067h   
VK_NUMPAD8 . . . . . . . . . . .	Number	 00000068h   
VK_NUMPAD9 . . . . . . . . . . .	Number	 00000069h   
VK_PAUSE . . . . . . . . . . . .	Number	 00000013h   
VK_PRINT . . . . . . . . . . . .	Number	 0000002Ah   
VK_PRIOR . . . . . . . . . . . .	Number	 00000021h   
VK_RBUTTON . . . . . . . . . . .	Number	 00000002h   
VK_RCONTROL  . . . . . . . . . .	Number	 000000A3h   
VK_RETURN  . . . . . . . . . . .	Number	 0000000Dh   
VK_RIGHT . . . . . . . . . . . .	Number	 00000027h   
VK_RMENU . . . . . . . . . . . .	Number	 000000A5h   
VK_RSHIFT  . . . . . . . . . . .	Number	 000000A1h   
VK_SCROLL  . . . . . . . . . . .	Number	 00000091h   
VK_SEPARATER . . . . . . . . . .	Number	 0000006Ch   
VK_SHIFT . . . . . . . . . . . .	Number	 00000010h   
VK_SNAPSHOT  . . . . . . . . . .	Number	 0000002Ch   
VK_SPACE . . . . . . . . . . . .	Number	 00000020h   
VK_SUBTRACT  . . . . . . . . . .	Number	 0000006Dh   
VK_TAB . . . . . . . . . . . . .	Number	 00000009h   
VK_UP  . . . . . . . . . . . . .	Number	 00000026h   
WINDOW_BUFFER_SIZE_EVENT . . . .	Number	 00000004h   
WriteConsoleOutputCharacter  . .	Text   	 WriteConsoleOutputCharacterA
WriteConsole . . . . . . . . . .	Text   	 WriteConsoleA
again  . . . . . . . . . . . . .	Byte	 000000E9 _DATA	
answer1  . . . . . . . . . . . .	Byte	 00000161 _DATA	
answer2  . . . . . . . . . . . .	Byte	 0000016C _DATA	
answer3  . . . . . . . . . . . .	Byte	 0000017E _DATA	
answer4  . . . . . . . . . . . .	Byte	 00000194 _DATA	
black  . . . . . . . . . . . . .	Number	 00000000h   
blue . . . . . . . . . . . . . .	Number	 00000001h   
brown  . . . . . . . . . . . . .	Number	 00000006h   
choose . . . . . . . . . . . . .	Byte	 00000135 _DATA	
correct  . . . . . . . . . . . .	DWord	 0000024F _DATA	
cyan . . . . . . . . . . . . . .	Number	 00000003h   
elements . . . . . . . . . . . .	Byte	 00000115 _DATA	
error  . . . . . . . . . . . . .	Byte	 00000102 _DATA	
exit . . . . . . . . . . . . . .	Text   	 INVOKE ExitProcess,0
fail . . . . . . . . . . . . . .	Byte	 00000196 _DATA	
gray . . . . . . . . . . . . . .	Number	 00000008h   
green  . . . . . . . . . . . . .	Number	 00000002h   
guess  . . . . . . . . . . . . .	Byte	 000001EC _DATA	
incorrect  . . . . . . . . . . .	DWord	 00000253 _DATA	
intro1 . . . . . . . . . . . . .	Byte	 00000000 _DATA	
intro2 . . . . . . . . . . . . .	Byte	 0000003E _DATA	
intro3 . . . . . . . . . . . . .	Byte	 0000007D _DATA	
intro4 . . . . . . . . . . . . .	Byte	 000000C4 _DATA	
lightBlue  . . . . . . . . . . .	Number	 00000009h   
lightCyan  . . . . . . . . . . .	Number	 0000000Bh   
lightGray  . . . . . . . . . . .	Number	 00000007h   
lightGreen . . . . . . . . . . .	Number	 0000000Ah   
lightMagenta . . . . . . . . . .	Number	 0000000Dh   
lightRed . . . . . . . . . . . .	Number	 0000000Ch   
magenta  . . . . . . . . . . . .	Number	 00000005h   
nFact  . . . . . . . . . . . . .	DWord	 00000257 _DATA	
nMinRFact  . . . . . . . . . . .	DWord	 0000025F _DATA	
nMinR  . . . . . . . . . . . . .	DWord	 00000263 _DATA	
numElements  . . . . . . . . . .	DWord	 00000239 _DATA	
numchoices . . . . . . . . . . .	DWord	 0000023D _DATA	
numprob  . . . . . . . . . . . .	DWord	 00000235 _DATA	
pass . . . . . . . . . . . . . .	Byte	 000001C2 _DATA	
problem  . . . . . . . . . . . .	Byte	 000000E0 _DATA	
rFact  . . . . . . . . . . . . .	DWord	 0000025B _DATA	
red  . . . . . . . . . . . . . .	Number	 00000004h   
responseNum  . . . . . . . . . .	DWord	 0000024B _DATA	
response . . . . . . . . . . . .	Byte	 00000241 _DATA	
result . . . . . . . . . . . . .	DWord	 00000267 _DATA	
score1 . . . . . . . . . . . . .	Byte	 0000020B _DATA	
score2 . . . . . . . . . . . . .	Byte	 0000021B _DATA	
score3 . . . . . . . . . . . . .	Byte	 00000227 _DATA	
white  . . . . . . . . . . . . .	Number	 0000000Fh   
wsprintf . . . . . . . . . . . .	Text   	 wsprintfA
yellow . . . . . . . . . . . . .	Number	 0000000Eh   

	   0 Warnings
	   0 Errors
